Thread 0 spawned
:0x00000000: loadConst const reg14		#  const:0x0000000000002710 reg14:0x0000000000002710
:0x00000048: loadConst const reg10		#  const:0x00000000ffffffff reg10:0x00000000ffffffff
:0x00000090: loadConst const reg11		#  const:0x0000000000000000 reg11:0x0000000000000000
:0x000000d8: loadConst const reg12		#  const:0x0000000000000000 reg12:0x0000000000000000
:0x00000120: loadConst const reg13		#  const:0x0000000000000001 reg13:0x0000000000000001
:0x00000168: loadConst const reg9		#  const:0x0000000000000004 reg9:0x0000000000000004
:0x000001b0: read reg12 reg13 reg11 reg0		#  reg12:0x0000000000000000 reg13:0x0000000000000001 reg11:0x0000000000000000 reg0:0x0000000000000001
:0x000001c9: jumpEqual address reg0 reg11		#  add:0x000003da reg0:0x0000000000000001 reg11:0x0000000000000000
:0x000001f8: mov BYTE[reg11] reg3		#  BYTE:0x00 reg3:0x0000000000000000
:0x00000207: call address		#  add:0x00000bd1
:0x00000bd1: loadConst const reg2		#  const:0x0000000000000008 reg2:0x0000000000000008
:0x00000c19: add reg14 reg2 reg14		#  reg14:0x0000000000002718 reg2:0x0000000000000008 reg14:0x0000000000002718
:0x00000c2e: mov reg3 QWORD[reg14]		#  reg3:0x0000000000000000 QWORD:0x0000000000000000
:0x00000c3d: ret		# 
:0x0000022b: call address		#  add:0x00000ee1
:0x00000ee1: loadConst const reg2		#  const:0x0000000000000008 reg2:0x0000000000000008
:0x00000f29: add reg14 reg2 reg14		#  reg14:0x0000000000002720 reg2:0x0000000000000008 reg14:0x0000000000002720
:0x00000f3e: mov reg10 QWORD[reg14]		#  reg10:0x00000000ffffffff QWORD:0x00000000ffffffff
:0x00000f4d: ret		# 
:0x0000024f: call address		#  add:0x0000049d
:0x0000049d: call address		#  add:0x00001111
:0x00001111: loadConst const reg2		#  const:0x0000000000000008 reg2:0x0000000000000008
:0x00001159: mov QWORD[reg14] reg1		#  QWORD:0x00000000ffffffff reg1:0x00000000ffffffff
:0x00001168: sub reg14 reg2 reg14		#  reg14:0x0000000000002718 reg2:0x0000000000000008 reg14:0x0000000000002718
:0x0000117d: ret		# 
:0x000004c1: call address		#  add:0x000010a1
:0x000010a1: loadConst const reg2		#  const:0x0000000000000008 reg2:0x0000000000000008
:0x000010e9: mov QWORD[reg14] reg0		#  QWORD:0x0000000000000000 reg0:0x0000000000000000
:0x000010f8: sub reg14 reg2 reg14		#  reg14:0x0000000000002710 reg2:0x0000000000000008 reg14:0x0000000000002710
:0x0000110d: ret		# 
:0x000004e5: call address		#  add:0x00000b61
:0x00000b61: loadConst const reg2		#  const:0x0000000000000008 reg2:0x0000000000000008
:0x00000ba9: add reg14 reg2 reg14		#  reg14:0x0000000000002718 reg2:0x0000000000000008 reg14:0x0000000000002718
:0x00000bbe: mov reg2 QWORD[reg14]		#  reg2:0x0000000000000008 QWORD:0x0000000000000008
:0x00000bcd: ret		# 
:0x00000509: call address		#  add:0x00000bd1
:0x00000bd1: loadConst const reg2		#  const:0x0000000000000008 reg2:0x0000000000000008
:0x00000c19: add reg14 reg2 reg14		#  reg14:0x0000000000002720 reg2:0x0000000000000008 reg14:0x0000000000002720
:0x00000c2e: mov reg3 QWORD[reg14]		#  reg3:0x0000000000000000 QWORD:0x0000000000000000
:0x00000c3d: ret		# 
:0x0000052d: call address		#  add:0x00000c41
:0x00000c41: loadConst const reg2		#  const:0x0000000000000008 reg2:0x0000000000000008
:0x00000c89: add reg14 reg2 reg14		#  reg14:0x0000000000002728 reg2:0x0000000000000008 reg14:0x0000000000002728
:0x00000c9e: mov reg4 QWORD[reg14]		#  reg4:0x0000000000000000 QWORD:0x0000000000000000
:0x00000cad: ret		# 
:0x00000551: call address		#  add:0x00000cb1
:0x00000cb1: loadConst const reg2		#  const:0x0000000000000008 reg2:0x0000000000000008
:0x00000cf9: add reg14 reg2 reg14		#  reg14:0x0000000000002730 reg2:0x0000000000000008 reg14:0x0000000000002730
:0x00000d0e: mov reg5 QWORD[reg14]		#  reg5:0x0000000000000000 QWORD:0x0000000000000000
:0x00000d1d: ret		# 
:0x00000575: call address		#  add:0x00000d21
:0x00000d21: loadConst const reg2		#  const:0x0000000000000008 reg2:0x0000000000000008
:0x00000d69: add reg14 reg2 reg14		#  reg14:0x0000000000002738 reg2:0x0000000000000008 reg14:0x0000000000002738
:0x00000d7e: mov reg6 QWORD[reg14]		#  reg6:0x0000000000000000 QWORD:0x0000000000000000
:0x00000d8d: ret		# 
:0x00000599: call address		#  add:0x00000d91
:0x00000d91: loadConst const reg2		#  const:0x0000000000000008 reg2:0x0000000000000008
:0x00000dd9: add reg14 reg2 reg14		#  reg14:0x0000000000002740 reg2:0x0000000000000008 reg14:0x0000000000002740
:0x00000dee: mov reg7 QWORD[reg14]		#  reg7:0x0000000000000000 QWORD:0x0000000000000000
:0x00000dfd: ret		# 
:0x000005bd: call address		#  add:0x00000e01
:0x00000e01: loadConst const reg2		#  const:0x0000000000000008 reg2:0x0000000000000008
:0x00000e49: add reg14 reg2 reg14		#  reg14:0x0000000000002748 reg2:0x0000000000000008 reg14:0x0000000000002748
:0x00000e5e: mov reg8 QWORD[reg14]		#  reg8:0x0000000000000000 QWORD:0x0000000000000000
:0x00000e6d: ret		# 
:0x000005e1: call address		#  add:0x00000ee1
:0x00000ee1: loadConst const reg2		#  const:0x0000000000000008 reg2:0x0000000000000008
:0x00000f29: add reg14 reg2 reg14		#  reg14:0x0000000000002750 reg2:0x0000000000000008 reg14:0x0000000000002750
:0x00000f3e: mov reg10 QWORD[reg14]		#  reg10:0x00000000ffffffff QWORD:0x00000000ffffffff
:0x00000f4d: ret		# 
:0x00000605: sub reg10 reg10 reg10		#  reg10:0x0000000000000000 reg10:0x0000000000000000 reg10:0x0000000000000000
:0x0000061a: sub reg2 reg2 reg2		#  reg2:0x0000000000000000 reg2:0x0000000000000000 reg2:0x0000000000000000
:0x0000062f: loadConst const reg7		#  const:0x0000000000000002 reg7:0x0000000000000002
:0x00000677: loadConst const reg3		#  const:0x8000000000000000 reg3:0x8000000000000000
:0x000006bf: mov reg3 reg4		#  reg3:0x8000000000000000 reg4:0x8000000000000000
:0x000006cc: loadConst const reg8		#  const:0xffffffffffffffff reg8:0xffffffffffffffff
:0x00000714: jumpEqual address reg0 reg2		#  add:0x00000768 reg0:0x0000000000000000 reg2:0x0000000000000000
:0x00000768: jumpEqual address reg1 reg2		#  add:0x00000950 reg1:0x00000000ffffffff reg2:0x0000000000000000
:0x00000797: compare reg0 reg2 reg5		#  reg0:0x0000000000000000 reg2:0x0000000000000000 reg5:0x0000000000000000
:0x000007ab: compare reg1 reg2 reg6		#  reg1:0x00000000ffffffff reg2:0x0000000000000000 reg6:0x0000000000000001
:0x000007bf: compare reg5 reg8 reg5		#  reg5:0x0000000000000001 reg8:0xffffffffffffffff reg5:0x0000000000000001
:0x000007d3: compare reg6 reg8 reg6		#  reg6:0x0000000000000001 reg8:0xffffffffffffffff reg6:0x0000000000000001
:0x000007e7: jumpEqual address reg5 reg6		#  add:0x00000850 reg5:0x0000000000000001 reg6:0x0000000000000001
:0x00000850: jumpEqual address reg3 reg4		#  add:0x000008b9 reg3:0x8000000000000000 reg4:0x8000000000000000
:0x000008b9: loadConst const reg4		#  const:0x4000000000000000 reg4:0x4000000000000000
:0x00000901: mul reg0 reg7 reg0		#  reg0:0x0000000000000000 reg7:0x0000000000000002 reg0:0x0000000000000000
:0x00000916: mul reg1 reg7 reg1		#  reg1:0x00000001fffffffe reg7:0x0000000000000002 reg1:0x00000001fffffffe
:0x0000092b: jump address		#  add:0x00000714
:0x00000714: jumpEqual address reg0 reg2		#  add:0x00000768 reg0:0x0000000000000000 reg2:0x0000000000000000
:0x00000768: jumpEqual address reg1 reg2		#  add:0x00000950 reg1:0x00000001fffffffe reg2:0x0000000000000000
:0x00000797: compare reg0 reg2 reg5		#  reg0:0x0000000000000000 reg2:0x0000000000000000 reg5:0x0000000000000000
:0x000007ab: compare reg1 reg2 reg6		#  reg1:0x00000001fffffffe reg2:0x0000000000000000 reg6:0x0000000000000001
:0x000007bf: compare reg5 reg8 reg5		#  reg5:0x0000000000000001 reg8:0xffffffffffffffff reg5:0x0000000000000001
:0x000007d3: compare reg6 reg8 reg6		#  reg6:0x0000000000000001 reg8:0xffffffffffffffff reg6:0x0000000000000001
:0x000007e7: jumpEqual address reg5 reg6		#  add:0x00000850 reg5:0x0000000000000001 reg6:0x0000000000000001
:0x00000850: jumpEqual address reg3 reg4		#  add:0x000008b9 reg3:0x8000000000000000 reg4:0x4000000000000000
:0x0000087f: div reg4 reg7 reg4		#  reg4:0x2000000000000000 reg7:0x0000000000000002 reg4:0x2000000000000000
:0x00000894: jump address		#  add:0x00000901
:0x00000901: mul reg0 reg7 reg0		#  reg0:0x0000000000000000 reg7:0x0000000000000002 reg0:0x0000000000000000
:0x00000916: mul reg1 reg7 reg1		#  reg1:0x00000003fffffffc reg7:0x0000000000000002 reg1:0x00000003fffffffc
:0x0000092b: jump address		#  add:0x00000714
:0x00000714: jumpEqual address reg0 reg2		#  add:0x00000768 reg0:0x0000000000000000 reg2:0x0000000000000000
:0x00000768: jumpEqual address reg1 reg2		#  add:0x00000950 reg1:0x00000003fffffffc reg2:0x0000000000000000
:0x00000797: compare reg0 reg2 reg5		#  reg0:0x0000000000000000 reg2:0x0000000000000000 reg5:0x0000000000000000
:0x000007ab: compare reg1 reg2 reg6		#  reg1:0x00000003fffffffc reg2:0x0000000000000000 reg6:0x0000000000000001
:0x000007bf: compare reg5 reg8 reg5		#  reg5:0x0000000000000001 reg8:0xffffffffffffffff reg5:0x0000000000000001
:0x000007d3: compare reg6 reg8 reg6		#  reg6:0x0000000000000001 reg8:0xffffffffffffffff reg6:0x0000000000000001
:0x000007e7: jumpEqual address reg5 reg6		#  add:0x00000850 reg5:0x0000000000000001 reg6:0x0000000000000001
:0x00000850: jumpEqual address reg3 reg4		#  add:0x000008b9 reg3:0x8000000000000000 reg4:0x2000000000000000
:0x0000087f: div reg4 reg7 reg4		#  reg4:0x1000000000000000 reg7:0x0000000000000002 reg4:0x1000000000000000
:0x00000894: jump address		#  add:0x00000901
:0x00000901: mul reg0 reg7 reg0		#  reg0:0x0000000000000000 reg7:0x0000000000000002 reg0:0x0000000000000000
:0x00000916: mul reg1 reg7 reg1		#  reg1:0x00000007fffffff8 reg7:0x0000000000000002 reg1:0x00000007fffffff8
:0x0000092b: jump address		#  add:0x00000714
:0x00000714: jumpEqual address reg0 reg2		#  add:0x00000768 reg0:0x0000000000000000 reg2:0x0000000000000000
:0x00000768: jumpEqual address reg1 reg2		#  add:0x00000950 reg1:0x00000007fffffff8 reg2:0x0000000000000000
:0x00000797: compare reg0 reg2 reg5		#  reg0:0x0000000000000000 reg2:0x0000000000000000 reg5:0x0000000000000000
:0x000007ab: compare reg1 reg2 reg6		#  reg1:0x00000007fffffff8 reg2:0x0000000000000000 reg6:0x0000000000000001
:0x000007bf: compare reg5 reg8 reg5		#  reg5:0x0000000000000001 reg8:0xffffffffffffffff reg5:0x0000000000000001
:0x000007d3: compare reg6 reg8 reg6		#  reg6:0x0000000000000001 reg8:0xffffffffffffffff reg6:0x0000000000000001
:0x000007e7: jumpEqual address reg5 reg6		#  add:0x00000850 reg5:0x0000000000000001 reg6:0x0000000000000001
:0x00000850: jumpEqual address reg3 reg4		#  add:0x000008b9 reg3:0x8000000000000000 reg4:0x1000000000000000
:0x0000087f: div reg4 reg7 reg4		#  reg4:0x0800000000000000 reg7:0x0000000000000002 reg4:0x0800000000000000
:0x00000894: jump address		#  add:0x00000901
:0x00000901: mul reg0 reg7 reg0		#  reg0:0x0000000000000000 reg7:0x0000000000000002 reg0:0x0000000000000000
:0x00000916: mul reg1 reg7 reg1		#  reg1:0x0000000ffffffff0 reg7:0x0000000000000002 reg1:0x0000000ffffffff0
:0x0000092b: jump address		#  add:0x00000714
:0x00000714: jumpEqual address reg0 reg2		#  add:0x00000768 reg0:0x0000000000000000 reg2:0x0000000000000000
:0x00000768: jumpEqual address reg1 reg2		#  add:0x00000950 reg1:0x0000000ffffffff0 reg2:0x0000000000000000
:0x00000797: compare reg0 reg2 reg5		#  reg0:0x0000000000000000 reg2:0x0000000000000000 reg5:0x0000000000000000
:0x000007ab: compare reg1 reg2 reg6		#  reg1:0x0000000ffffffff0 reg2:0x0000000000000000 reg6:0x0000000000000001
:0x000007bf: compare reg5 reg8 reg5		#  reg5:0x0000000000000001 reg8:0xffffffffffffffff reg5:0x0000000000000001
:0x000007d3: compare reg6 reg8 reg6		#  reg6:0x0000000000000001 reg8:0xffffffffffffffff reg6:0x0000000000000001
:0x000007e7: jumpEqual address reg5 reg6		#  add:0x00000850 reg5:0x0000000000000001 reg6:0x0000000000000001
:0x00000850: jumpEqual address reg3 reg4		#  add:0x000008b9 reg3:0x8000000000000000 reg4:0x0800000000000000
:0x0000087f: div reg4 reg7 reg4		#  reg4:0x0400000000000000 reg7:0x0000000000000002 reg4:0x0400000000000000
:0x00000894: jump address		#  add:0x00000901
:0x00000901: mul reg0 reg7 reg0		#  reg0:0x0000000000000000 reg7:0x0000000000000002 reg0:0x0000000000000000
:0x00000916: mul reg1 reg7 reg1		#  reg1:0x0000001fffffffe0 reg7:0x0000000000000002 reg1:0x0000001fffffffe0
:0x0000092b: jump address		#  add:0x00000714
:0x00000714: jumpEqual address reg0 reg2		#  add:0x00000768 reg0:0x0000000000000000 reg2:0x0000000000000000
:0x00000768: jumpEqual address reg1 reg2		#  add:0x00000950 reg1:0x0000001fffffffe0 reg2:0x0000000000000000
:0x00000797: compare reg0 reg2 reg5		#  reg0:0x0000000000000000 reg2:0x0000000000000000 reg5:0x0000000000000000
:0x000007ab: compare reg1 reg2 reg6		#  reg1:0x0000001fffffffe0 reg2:0x0000000000000000 reg6:0x0000000000000001
:0x000007bf: compare reg5 reg8 reg5		#  reg5:0x0000000000000001 reg8:0xffffffffffffffff reg5:0x0000000000000001
:0x000007d3: compare reg6 reg8 reg6		#  reg6:0x0000000000000001 reg8:0xffffffffffffffff reg6:0x0000000000000001
:0x000007e7: jumpEqual address reg5 reg6		#  add:0x00000850 reg5:0x0000000000000001 reg6:0x0000000000000001
:0x00000850: jumpEqual address reg3 reg4		#  add:0x000008b9 reg3:0x8000000000000000 reg4:0x0400000000000000
:0x0000087f: div reg4 reg7 reg4		#  reg4:0x0200000000000000 reg7:0x0000000000000002 reg4:0x0200000000000000
:0x00000894: jump address		#  add:0x00000901
:0x00000901: mul reg0 reg7 reg0		#  reg0:0x0000000000000000 reg7:0x0000000000000002 reg0:0x0000000000000000
:0x00000916: mul reg1 reg7 reg1		#  reg1:0x0000003fffffffc0 reg7:0x0000000000000002 reg1:0x0000003fffffffc0
:0x0000092b: jump address		#  add:0x00000714
:0x00000714: jumpEqual address reg0 reg2		#  add:0x00000768 reg0:0x0000000000000000 reg2:0x0000000000000000
:0x00000768: jumpEqual address reg1 reg2		#  add:0x00000950 reg1:0x0000003fffffffc0 reg2:0x0000000000000000
:0x00000797: compare reg0 reg2 reg5		#  reg0:0x0000000000000000 reg2:0x0000000000000000 reg5:0x0000000000000000
:0x000007ab: compare reg1 reg2 reg6		#  reg1:0x0000003fffffffc0 reg2:0x0000000000000000 reg6:0x0000000000000001
:0x000007bf: compare reg5 reg8 reg5		#  reg5:0x0000000000000001 reg8:0xffffffffffffffff reg5:0x0000000000000001
:0x000007d3: compare reg6 reg8 reg6		#  reg6:0x0000000000000001 reg8:0xffffffffffffffff reg6:0x0000000000000001
:0x000007e7: jumpEqual address reg5 reg6		#  add:0x00000850 reg5:0x0000000000000001 reg6:0x0000000000000001
:0x00000850: jumpEqual address reg3 reg4		#  add:0x000008b9 reg3:0x8000000000000000 reg4:0x0200000000000000
:0x0000087f: div reg4 reg7 reg4		#  reg4:0x0100000000000000 reg7:0x0000000000000002 reg4:0x0100000000000000
:0x00000894: jump address		#  add:0x00000901
:0x00000901: mul reg0 reg7 reg0		#  reg0:0x0000000000000000 reg7:0x0000000000000002 reg0:0x0000000000000000
:0x00000916: mul reg1 reg7 reg1		#  reg1:0x0000007fffffff80 reg7:0x0000000000000002 reg1:0x0000007fffffff80
:0x0000092b: jump address		#  add:0x00000714
:0x00000714: jumpEqual address reg0 reg2		#  add:0x00000768 reg0:0x0000000000000000 reg2:0x0000000000000000
:0x00000768: jumpEqual address reg1 reg2		#  add:0x00000950 reg1:0x0000007fffffff80 reg2:0x0000000000000000
:0x00000797: compare reg0 reg2 reg5		#  reg0:0x0000000000000000 reg2:0x0000000000000000 reg5:0x0000000000000000
:0x000007ab: compare reg1 reg2 reg6		#  reg1:0x0000007fffffff80 reg2:0x0000000000000000 reg6:0x0000000000000001
:0x000007bf: compare reg5 reg8 reg5		#  reg5:0x0000000000000001 reg8:0xffffffffffffffff reg5:0x0000000000000001
:0x000007d3: compare reg6 reg8 reg6		#  reg6:0x0000000000000001 reg8:0xffffffffffffffff reg6:0x0000000000000001
:0x000007e7: jumpEqual address reg5 reg6		#  add:0x00000850 reg5:0x0000000000000001 reg6:0x0000000000000001
:0x00000850: jumpEqual address reg3 reg4		#  add:0x000008b9 reg3:0x8000000000000000 reg4:0x0100000000000000
:0x0000087f: div reg4 reg7 reg4		#  reg4:0x0080000000000000 reg7:0x0000000000000002 reg4:0x0080000000000000
:0x00000894: jump address		#  add:0x00000901
:0x00000901: mul reg0 reg7 reg0		#  reg0:0x0000000000000000 reg7:0x0000000000000002 reg0:0x0000000000000000
:0x00000916: mul reg1 reg7 reg1		#  reg1:0x000000ffffffff00 reg7:0x0000000000000002 reg1:0x000000ffffffff00
:0x0000092b: jump address		#  add:0x00000714
:0x00000714: jumpEqual address reg0 reg2		#  add:0x00000768 reg0:0x0000000000000000 reg2:0x0000000000000000
:0x00000768: jumpEqual address reg1 reg2		#  add:0x00000950 reg1:0x000000ffffffff00 reg2:0x0000000000000000
:0x00000797: compare reg0 reg2 reg5		#  reg0:0x0000000000000000 reg2:0x0000000000000000 reg5:0x0000000000000000
:0x000007ab: compare reg1 reg2 reg6		#  reg1:0x000000ffffffff00 reg2:0x0000000000000000 reg6:0x0000000000000001
:0x000007bf: compare reg5 reg8 reg5		#  reg5:0x0000000000000001 reg8:0xffffffffffffffff reg5:0x0000000000000001
:0x000007d3: compare reg6 reg8 reg6		#  reg6:0x0000000000000001 reg8:0xffffffffffffffff reg6:0x0000000000000001
:0x000007e7: jumpEqual address reg5 reg6		#  add:0x00000850 reg5:0x0000000000000001 reg6:0x0000000000000001
:0x00000850: jumpEqual address reg3 reg4		#  add:0x000008b9 reg3:0x8000000000000000 reg4:0x0080000000000000
:0x0000087f: div reg4 reg7 reg4		#  reg4:0x0040000000000000 reg7:0x0000000000000002 reg4:0x0040000000000000
:0x00000894: jump address		#  add:0x00000901
:0x00000901: mul reg0 reg7 reg0		#  reg0:0x0000000000000000 reg7:0x0000000000000002 reg0:0x0000000000000000
:0x00000916: mul reg1 reg7 reg1		#  reg1:0x000001fffffffe00 reg7:0x0000000000000002 reg1:0x000001fffffffe00
:0x0000092b: jump address		#  add:0x00000714
:0x00000714: jumpEqual address reg0 reg2		#  add:0x00000768 reg0:0x0000000000000000 reg2:0x0000000000000000
:0x00000768: jumpEqual address reg1 reg2		#  add:0x00000950 reg1:0x000001fffffffe00 reg2:0x0000000000000000
:0x00000797: compare reg0 reg2 reg5		#  reg0:0x0000000000000000 reg2:0x0000000000000000 reg5:0x0000000000000000
:0x000007ab: compare reg1 reg2 reg6		#  reg1:0x000001fffffffe00 reg2:0x0000000000000000 reg6:0x0000000000000001
:0x000007bf: compare reg5 reg8 reg5		#  reg5:0x0000000000000001 reg8:0xffffffffffffffff reg5:0x0000000000000001
:0x000007d3: compare reg6 reg8 reg6		#  reg6:0x0000000000000001 reg8:0xffffffffffffffff reg6:0x0000000000000001
:0x000007e7: jumpEqual address reg5 reg6		#  add:0x00000850 reg5:0x0000000000000001 reg6:0x0000000000000001
:0x00000850: jumpEqual address reg3 reg4		#  add:0x000008b9 reg3:0x8000000000000000 reg4:0x0040000000000000
:0x0000087f: div reg4 reg7 reg4		#  reg4:0x0020000000000000 reg7:0x0000000000000002 reg4:0x0020000000000000
:0x00000894: jump address		#  add:0x00000901
:0x00000901: mul reg0 reg7 reg0		#  reg0:0x0000000000000000 reg7:0x0000000000000002 reg0:0x0000000000000000
:0x00000916: mul reg1 reg7 reg1		#  reg1:0x000003fffffffc00 reg7:0x0000000000000002 reg1:0x000003fffffffc00
:0x0000092b: jump address		#  add:0x00000714
:0x00000714: jumpEqual address reg0 reg2		#  add:0x00000768 reg0:0x0000000000000000 reg2:0x0000000000000000
:0x00000768: jumpEqual address reg1 reg2		#  add:0x00000950 reg1:0x000003fffffffc00 reg2:0x0000000000000000
:0x00000797: compare reg0 reg2 reg5		#  reg0:0x0000000000000000 reg2:0x0000000000000000 reg5:0x0000000000000000
:0x000007ab: compare reg1 reg2 reg6		#  reg1:0x000003fffffffc00 reg2:0x0000000000000000 reg6:0x0000000000000001
:0x000007bf: compare reg5 reg8 reg5		#  reg5:0x0000000000000001 reg8:0xffffffffffffffff reg5:0x0000000000000001
:0x000007d3: compare reg6 reg8 reg6		#  reg6:0x0000000000000001 reg8:0xffffffffffffffff reg6:0x0000000000000001
:0x000007e7: jumpEqual address reg5 reg6		#  add:0x00000850 reg5:0x0000000000000001 reg6:0x0000000000000001
:0x00000850: jumpEqual address reg3 reg4		#  add:0x000008b9 reg3:0x8000000000000000 reg4:0x0020000000000000
:0x0000087f: div reg4 reg7 reg4		#  reg4:0x0010000000000000 reg7:0x0000000000000002 reg4:0x0010000000000000
:0x00000894: jump address		#  add:0x00000901
:0x00000901: mul reg0 reg7 reg0		#  reg0:0x0000000000000000 reg7:0x0000000000000002 reg0:0x0000000000000000
:0x00000916: mul reg1 reg7 reg1		#  reg1:0x000007fffffff800 reg7:0x0000000000000002 reg1:0x000007fffffff800
:0x0000092b: jump address		#  add:0x00000714
:0x00000714: jumpEqual address reg0 reg2		#  add:0x00000768 reg0:0x0000000000000000 reg2:0x0000000000000000
:0x00000768: jumpEqual address reg1 reg2		#  add:0x00000950 reg1:0x000007fffffff800 reg2:0x0000000000000000
:0x00000797: compare reg0 reg2 reg5		#  reg0:0x0000000000000000 reg2:0x0000000000000000 reg5:0x0000000000000000
:0x000007ab: compare reg1 reg2 reg6		#  reg1:0x000007fffffff800 reg2:0x0000000000000000 reg6:0x0000000000000001
:0x000007bf: compare reg5 reg8 reg5		#  reg5:0x0000000000000001 reg8:0xffffffffffffffff reg5:0x0000000000000001
:0x000007d3: compare reg6 reg8 reg6		#  reg6:0x0000000000000001 reg8:0xffffffffffffffff reg6:0x0000000000000001
:0x000007e7: jumpEqual address reg5 reg6		#  add:0x00000850 reg5:0x0000000000000001 reg6:0x0000000000000001
:0x00000850: jumpEqual address reg3 reg4		#  add:0x000008b9 reg3:0x8000000000000000 reg4:0x0010000000000000
:0x0000087f: div reg4 reg7 reg4		#  reg4:0x0008000000000000 reg7:0x0000000000000002 reg4:0x0008000000000000
:0x00000894: jump address		#  add:0x00000901
:0x00000901: mul reg0 reg7 reg0		#  reg0:0x0000000000000000 reg7:0x0000000000000002 reg0:0x0000000000000000
:0x00000916: mul reg1 reg7 reg1		#  reg1:0x00000ffffffff000 reg7:0x0000000000000002 reg1:0x00000ffffffff000
:0x0000092b: jump address		#  add:0x00000714
:0x00000714: jumpEqual address reg0 reg2		#  add:0x00000768 reg0:0x0000000000000000 reg2:0x0000000000000000
:0x00000768: jumpEqual address reg1 reg2		#  add:0x00000950 reg1:0x00000ffffffff000 reg2:0x0000000000000000
:0x00000797: compare reg0 reg2 reg5		#  reg0:0x0000000000000000 reg2:0x0000000000000000 reg5:0x0000000000000000
:0x000007ab: compare reg1 reg2 reg6		#  reg1:0x00000ffffffff000 reg2:0x0000000000000000 reg6:0x0000000000000001
:0x000007bf: compare reg5 reg8 reg5		#  reg5:0x0000000000000001 reg8:0xffffffffffffffff reg5:0x0000000000000001
:0x000007d3: compare reg6 reg8 reg6		#  reg6:0x0000000000000001 reg8:0xffffffffffffffff reg6:0x0000000000000001
:0x000007e7: jumpEqual address reg5 reg6		#  add:0x00000850 reg5:0x0000000000000001 reg6:0x0000000000000001
:0x00000850: jumpEqual address reg3 reg4		#  add:0x000008b9 reg3:0x8000000000000000 reg4:0x0008000000000000
:0x0000087f: div reg4 reg7 reg4		#  reg4:0x0004000000000000 reg7:0x0000000000000002 reg4:0x0004000000000000
:0x00000894: jump address		#  add:0x00000901
:0x00000901: mul reg0 reg7 reg0		#  reg0:0x0000000000000000 reg7:0x0000000000000002 reg0:0x0000000000000000
:0x00000916: mul reg1 reg7 reg1		#  reg1:0x00001fffffffe000 reg7:0x0000000000000002 reg1:0x00001fffffffe000
:0x0000092b: jump address		#  add:0x00000714
:0x00000714: jumpEqual address reg0 reg2		#  add:0x00000768 reg0:0x0000000000000000 reg2:0x0000000000000000
:0x00000768: jumpEqual address reg1 reg2		#  add:0x00000950 reg1:0x00001fffffffe000 reg2:0x0000000000000000
:0x00000797: compare reg0 reg2 reg5		#  reg0:0x0000000000000000 reg2:0x0000000000000000 reg5:0x0000000000000000
:0x000007ab: compare reg1 reg2 reg6		#  reg1:0x00001fffffffe000 reg2:0x0000000000000000 reg6:0x0000000000000001
:0x000007bf: compare reg5 reg8 reg5		#  reg5:0x0000000000000001 reg8:0xffffffffffffffff reg5:0x0000000000000001
:0x000007d3: compare reg6 reg8 reg6		#  reg6:0x0000000000000001 reg8:0xffffffffffffffff reg6:0x0000000000000001
:0x000007e7: jumpEqual address reg5 reg6		#  add:0x00000850 reg5:0x0000000000000001 reg6:0x0000000000000001
:0x00000850: jumpEqual address reg3 reg4		#  add:0x000008b9 reg3:0x8000000000000000 reg4:0x0004000000000000
:0x0000087f: div reg4 reg7 reg4		#  reg4:0x0002000000000000 reg7:0x0000000000000002 reg4:0x0002000000000000
:0x00000894: jump address		#  add:0x00000901
:0x00000901: mul reg0 reg7 reg0		#  reg0:0x0000000000000000 reg7:0x0000000000000002 reg0:0x0000000000000000
:0x00000916: mul reg1 reg7 reg1		#  reg1:0x00003fffffffc000 reg7:0x0000000000000002 reg1:0x00003fffffffc000
:0x0000092b: jump address		#  add:0x00000714
:0x00000714: jumpEqual address reg0 reg2		#  add:0x00000768 reg0:0x0000000000000000 reg2:0x0000000000000000
:0x00000768: jumpEqual address reg1 reg2		#  add:0x00000950 reg1:0x00003fffffffc000 reg2:0x0000000000000000
:0x00000797: compare reg0 reg2 reg5		#  reg0:0x0000000000000000 reg2:0x0000000000000000 reg5:0x0000000000000000
:0x000007ab: compare reg1 reg2 reg6		#  reg1:0x00003fffffffc000 reg2:0x0000000000000000 reg6:0x0000000000000001
:0x000007bf: compare reg5 reg8 reg5		#  reg5:0x0000000000000001 reg8:0xffffffffffffffff reg5:0x0000000000000001
:0x000007d3: compare reg6 reg8 reg6		#  reg6:0x0000000000000001 reg8:0xffffffffffffffff reg6:0x0000000000000001
:0x000007e7: jumpEqual address reg5 reg6		#  add:0x00000850 reg5:0x0000000000000001 reg6:0x0000000000000001
:0x00000850: jumpEqual address reg3 reg4		#  add:0x000008b9 reg3:0x8000000000000000 reg4:0x0002000000000000
:0x0000087f: div reg4 reg7 reg4		#  reg4:0x0001000000000000 reg7:0x0000000000000002 reg4:0x0001000000000000
:0x00000894: jump address		#  add:0x00000901
:0x00000901: mul reg0 reg7 reg0		#  reg0:0x0000000000000000 reg7:0x0000000000000002 reg0:0x0000000000000000
:0x00000916: mul reg1 reg7 reg1		#  reg1:0x00007fffffff8000 reg7:0x0000000000000002 reg1:0x00007fffffff8000
:0x0000092b: jump address		#  add:0x00000714
:0x00000714: jumpEqual address reg0 reg2		#  add:0x00000768 reg0:0x0000000000000000 reg2:0x0000000000000000
:0x00000768: jumpEqual address reg1 reg2		#  add:0x00000950 reg1:0x00007fffffff8000 reg2:0x0000000000000000
:0x00000797: compare reg0 reg2 reg5		#  reg0:0x0000000000000000 reg2:0x0000000000000000 reg5:0x0000000000000000
:0x000007ab: compare reg1 reg2 reg6		#  reg1:0x00007fffffff8000 reg2:0x0000000000000000 reg6:0x0000000000000001
:0x000007bf: compare reg5 reg8 reg5		#  reg5:0x0000000000000001 reg8:0xffffffffffffffff reg5:0x0000000000000001
:0x000007d3: compare reg6 reg8 reg6		#  reg6:0x0000000000000001 reg8:0xffffffffffffffff reg6:0x0000000000000001
:0x000007e7: jumpEqual address reg5 reg6		#  add:0x00000850 reg5:0x0000000000000001 reg6:0x0000000000000001
:0x00000850: jumpEqual address reg3 reg4		#  add:0x000008b9 reg3:0x8000000000000000 reg4:0x0001000000000000
:0x0000087f: div reg4 reg7 reg4		#  reg4:0x0000800000000000 reg7:0x0000000000000002 reg4:0x0000800000000000
:0x00000894: jump address		#  add:0x00000901
:0x00000901: mul reg0 reg7 reg0		#  reg0:0x0000000000000000 reg7:0x0000000000000002 reg0:0x0000000000000000
:0x00000916: mul reg1 reg7 reg1		#  reg1:0x0000ffffffff0000 reg7:0x0000000000000002 reg1:0x0000ffffffff0000
:0x0000092b: jump address		#  add:0x00000714
:0x00000714: jumpEqual address reg0 reg2		#  add:0x00000768 reg0:0x0000000000000000 reg2:0x0000000000000000
:0x00000768: jumpEqual address reg1 reg2		#  add:0x00000950 reg1:0x0000ffffffff0000 reg2:0x0000000000000000
:0x00000797: compare reg0 reg2 reg5		#  reg0:0x0000000000000000 reg2:0x0000000000000000 reg5:0x0000000000000000
:0x000007ab: compare reg1 reg2 reg6		#  reg1:0x0000ffffffff0000 reg2:0x0000000000000000 reg6:0x0000000000000001
:0x000007bf: compare reg5 reg8 reg5		#  reg5:0x0000000000000001 reg8:0xffffffffffffffff reg5:0x0000000000000001
:0x000007d3: compare reg6 reg8 reg6		#  reg6:0x0000000000000001 reg8:0xffffffffffffffff reg6:0x0000000000000001
:0x000007e7: jumpEqual address reg5 reg6		#  add:0x00000850 reg5:0x0000000000000001 reg6:0x0000000000000001
:0x00000850: jumpEqual address reg3 reg4		#  add:0x000008b9 reg3:0x8000000000000000 reg4:0x0000800000000000
:0x0000087f: div reg4 reg7 reg4		#  reg4:0x0000400000000000 reg7:0x0000000000000002 reg4:0x0000400000000000
:0x00000894: jump address		#  add:0x00000901
:0x00000901: mul reg0 reg7 reg0		#  reg0:0x0000000000000000 reg7:0x0000000000000002 reg0:0x0000000000000000
:0x00000916: mul reg1 reg7 reg1		#  reg1:0x0001fffffffe0000 reg7:0x0000000000000002 reg1:0x0001fffffffe0000
:0x0000092b: jump address		#  add:0x00000714
:0x00000714: jumpEqual address reg0 reg2		#  add:0x00000768 reg0:0x0000000000000000 reg2:0x0000000000000000
:0x00000768: jumpEqual address reg1 reg2		#  add:0x00000950 reg1:0x0001fffffffe0000 reg2:0x0000000000000000
:0x00000797: compare reg0 reg2 reg5		#  reg0:0x0000000000000000 reg2:0x0000000000000000 reg5:0x0000000000000000
:0x000007ab: compare reg1 reg2 reg6		#  reg1:0x0001fffffffe0000 reg2:0x0000000000000000 reg6:0x0000000000000001
:0x000007bf: compare reg5 reg8 reg5		#  reg5:0x0000000000000001 reg8:0xffffffffffffffff reg5:0x0000000000000001
:0x000007d3: compare reg6 reg8 reg6		#  reg6:0x0000000000000001 reg8:0xffffffffffffffff reg6:0x0000000000000001
:0x000007e7: jumpEqual address reg5 reg6		#  add:0x00000850 reg5:0x0000000000000001 reg6:0x0000000000000001
:0x00000850: jumpEqual address reg3 reg4		#  add:0x000008b9 reg3:0x8000000000000000 reg4:0x0000400000000000
:0x0000087f: div reg4 reg7 reg4		#  reg4:0x0000200000000000 reg7:0x0000000000000002 reg4:0x0000200000000000
:0x00000894: jump address		#  add:0x00000901
:0x00000901: mul reg0 reg7 reg0		#  reg0:0x0000000000000000 reg7:0x0000000000000002 reg0:0x0000000000000000
:0x00000916: mul reg1 reg7 reg1		#  reg1:0x0003fffffffc0000 reg7:0x0000000000000002 reg1:0x0003fffffffc0000
:0x0000092b: jump address		#  add:0x00000714
:0x00000714: jumpEqual address reg0 reg2		#  add:0x00000768 reg0:0x0000000000000000 reg2:0x0000000000000000
:0x00000768: jumpEqual address reg1 reg2		#  add:0x00000950 reg1:0x0003fffffffc0000 reg2:0x0000000000000000
:0x00000797: compare reg0 reg2 reg5		#  reg0:0x0000000000000000 reg2:0x0000000000000000 reg5:0x0000000000000000
:0x000007ab: compare reg1 reg2 reg6		#  reg1:0x0003fffffffc0000 reg2:0x0000000000000000 reg6:0x0000000000000001
:0x000007bf: compare reg5 reg8 reg5		#  reg5:0x0000000000000001 reg8:0xffffffffffffffff reg5:0x0000000000000001
:0x000007d3: compare reg6 reg8 reg6		#  reg6:0x0000000000000001 reg8:0xffffffffffffffff reg6:0x0000000000000001
:0x000007e7: jumpEqual address reg5 reg6		#  add:0x00000850 reg5:0x0000000000000001 reg6:0x0000000000000001
:0x00000850: jumpEqual address reg3 reg4		#  add:0x000008b9 reg3:0x8000000000000000 reg4:0x0000200000000000
:0x0000087f: div reg4 reg7 reg4		#  reg4:0x0000100000000000 reg7:0x0000000000000002 reg4:0x0000100000000000
:0x00000894: jump address		#  add:0x00000901
:0x00000901: mul reg0 reg7 reg0		#  reg0:0x0000000000000000 reg7:0x0000000000000002 reg0:0x0000000000000000
:0x00000916: mul reg1 reg7 reg1		#  reg1:0x0007fffffff80000 reg7:0x0000000000000002 reg1:0x0007fffffff80000
:0x0000092b: jump address		#  add:0x00000714
:0x00000714: jumpEqual address reg0 reg2		#  add:0x00000768 reg0:0x0000000000000000 reg2:0x0000000000000000
:0x00000768: jumpEqual address reg1 reg2		#  add:0x00000950 reg1:0x0007fffffff80000 reg2:0x0000000000000000
:0x00000797: compare reg0 reg2 reg5		#  reg0:0x0000000000000000 reg2:0x0000000000000000 reg5:0x0000000000000000
:0x000007ab: compare reg1 reg2 reg6		#  reg1:0x0007fffffff80000 reg2:0x0000000000000000 reg6:0x0000000000000001
:0x000007bf: compare reg5 reg8 reg5		#  reg5:0x0000000000000001 reg8:0xffffffffffffffff reg5:0x0000000000000001
:0x000007d3: compare reg6 reg8 reg6		#  reg6:0x0000000000000001 reg8:0xffffffffffffffff reg6:0x0000000000000001
:0x000007e7: jumpEqual address reg5 reg6		#  add:0x00000850 reg5:0x0000000000000001 reg6:0x0000000000000001
:0x00000850: jumpEqual address reg3 reg4		#  add:0x000008b9 reg3:0x8000000000000000 reg4:0x0000100000000000
:0x0000087f: div reg4 reg7 reg4		#  reg4:0x0000080000000000 reg7:0x0000000000000002 reg4:0x0000080000000000
:0x00000894: jump address		#  add:0x00000901
:0x00000901: mul reg0 reg7 reg0		#  reg0:0x0000000000000000 reg7:0x0000000000000002 reg0:0x0000000000000000
:0x00000916: mul reg1 reg7 reg1		#  reg1:0x000ffffffff00000 reg7:0x0000000000000002 reg1:0x000ffffffff00000
:0x0000092b: jump address		#  add:0x00000714
:0x00000714: jumpEqual address reg0 reg2		#  add:0x00000768 reg0:0x0000000000000000 reg2:0x0000000000000000
:0x00000768: jumpEqual address reg1 reg2		#  add:0x00000950 reg1:0x000ffffffff00000 reg2:0x0000000000000000
:0x00000797: compare reg0 reg2 reg5		#  reg0:0x0000000000000000 reg2:0x0000000000000000 reg5:0x0000000000000000
:0x000007ab: compare reg1 reg2 reg6		#  reg1:0x000ffffffff00000 reg2:0x0000000000000000 reg6:0x0000000000000001
:0x000007bf: compare reg5 reg8 reg5		#  reg5:0x0000000000000001 reg8:0xffffffffffffffff reg5:0x0000000000000001
:0x000007d3: compare reg6 reg8 reg6		#  reg6:0x0000000000000001 reg8:0xffffffffffffffff reg6:0x0000000000000001
:0x000007e7: jumpEqual address reg5 reg6		#  add:0x00000850 reg5:0x0000000000000001 reg6:0x0000000000000001
:0x00000850: jumpEqual address reg3 reg4		#  add:0x000008b9 reg3:0x8000000000000000 reg4:0x0000080000000000
:0x0000087f: div reg4 reg7 reg4		#  reg4:0x0000040000000000 reg7:0x0000000000000002 reg4:0x0000040000000000
:0x00000894: jump address		#  add:0x00000901
:0x00000901: mul reg0 reg7 reg0		#  reg0:0x0000000000000000 reg7:0x0000000000000002 reg0:0x0000000000000000
:0x00000916: mul reg1 reg7 reg1		#  reg1:0x001fffffffe00000 reg7:0x0000000000000002 reg1:0x001fffffffe00000
:0x0000092b: jump address		#  add:0x00000714
:0x00000714: jumpEqual address reg0 reg2		#  add:0x00000768 reg0:0x0000000000000000 reg2:0x0000000000000000
:0x00000768: jumpEqual address reg1 reg2		#  add:0x00000950 reg1:0x001fffffffe00000 reg2:0x0000000000000000
:0x00000797: compare reg0 reg2 reg5		#  reg0:0x0000000000000000 reg2:0x0000000000000000 reg5:0x0000000000000000
:0x000007ab: compare reg1 reg2 reg6		#  reg1:0x001fffffffe00000 reg2:0x0000000000000000 reg6:0x0000000000000001
:0x000007bf: compare reg5 reg8 reg5		#  reg5:0x0000000000000001 reg8:0xffffffffffffffff reg5:0x0000000000000001
:0x000007d3: compare reg6 reg8 reg6		#  reg6:0x0000000000000001 reg8:0xffffffffffffffff reg6:0x0000000000000001
:0x000007e7: jumpEqual address reg5 reg6		#  add:0x00000850 reg5:0x0000000000000001 reg6:0x0000000000000001
:0x00000850: jumpEqual address reg3 reg4		#  add:0x000008b9 reg3:0x8000000000000000 reg4:0x0000040000000000
:0x0000087f: div reg4 reg7 reg4		#  reg4:0x0000020000000000 reg7:0x0000000000000002 reg4:0x0000020000000000
:0x00000894: jump address		#  add:0x00000901
:0x00000901: mul reg0 reg7 reg0		#  reg0:0x0000000000000000 reg7:0x0000000000000002 reg0:0x0000000000000000
:0x00000916: mul reg1 reg7 reg1		#  reg1:0x003fffffffc00000 reg7:0x0000000000000002 reg1:0x003fffffffc00000
:0x0000092b: jump address		#  add:0x00000714
:0x00000714: jumpEqual address reg0 reg2		#  add:0x00000768 reg0:0x0000000000000000 reg2:0x0000000000000000
:0x00000768: jumpEqual address reg1 reg2		#  add:0x00000950 reg1:0x003fffffffc00000 reg2:0x0000000000000000
:0x00000797: compare reg0 reg2 reg5		#  reg0:0x0000000000000000 reg2:0x0000000000000000 reg5:0x0000000000000000
:0x000007ab: compare reg1 reg2 reg6		#  reg1:0x003fffffffc00000 reg2:0x0000000000000000 reg6:0x0000000000000001
:0x000007bf: compare reg5 reg8 reg5		#  reg5:0x0000000000000001 reg8:0xffffffffffffffff reg5:0x0000000000000001
:0x000007d3: compare reg6 reg8 reg6		#  reg6:0x0000000000000001 reg8:0xffffffffffffffff reg6:0x0000000000000001
:0x000007e7: jumpEqual address reg5 reg6		#  add:0x00000850 reg5:0x0000000000000001 reg6:0x0000000000000001
:0x00000850: jumpEqual address reg3 reg4		#  add:0x000008b9 reg3:0x8000000000000000 reg4:0x0000020000000000
:0x0000087f: div reg4 reg7 reg4		#  reg4:0x0000010000000000 reg7:0x0000000000000002 reg4:0x0000010000000000
:0x00000894: jump address		#  add:0x00000901
:0x00000901: mul reg0 reg7 reg0		#  reg0:0x0000000000000000 reg7:0x0000000000000002 reg0:0x0000000000000000
:0x00000916: mul reg1 reg7 reg1		#  reg1:0x007fffffff800000 reg7:0x0000000000000002 reg1:0x007fffffff800000
:0x0000092b: jump address		#  add:0x00000714
:0x00000714: jumpEqual address reg0 reg2		#  add:0x00000768 reg0:0x0000000000000000 reg2:0x0000000000000000
:0x00000768: jumpEqual address reg1 reg2		#  add:0x00000950 reg1:0x007fffffff800000 reg2:0x0000000000000000
:0x00000797: compare reg0 reg2 reg5		#  reg0:0x0000000000000000 reg2:0x0000000000000000 reg5:0x0000000000000000
:0x000007ab: compare reg1 reg2 reg6		#  reg1:0x007fffffff800000 reg2:0x0000000000000000 reg6:0x0000000000000001
:0x000007bf: compare reg5 reg8 reg5		#  reg5:0x0000000000000001 reg8:0xffffffffffffffff reg5:0x0000000000000001
:0x000007d3: compare reg6 reg8 reg6		#  reg6:0x0000000000000001 reg8:0xffffffffffffffff reg6:0x0000000000000001
:0x000007e7: jumpEqual address reg5 reg6		#  add:0x00000850 reg5:0x0000000000000001 reg6:0x0000000000000001
:0x00000850: jumpEqual address reg3 reg4		#  add:0x000008b9 reg3:0x8000000000000000 reg4:0x0000010000000000
:0x0000087f: div reg4 reg7 reg4		#  reg4:0x0000008000000000 reg7:0x0000000000000002 reg4:0x0000008000000000
:0x00000894: jump address		#  add:0x00000901
:0x00000901: mul reg0 reg7 reg0		#  reg0:0x0000000000000000 reg7:0x0000000000000002 reg0:0x0000000000000000
:0x00000916: mul reg1 reg7 reg1		#  reg1:0x00ffffffff000000 reg7:0x0000000000000002 reg1:0x00ffffffff000000
:0x0000092b: jump address		#  add:0x00000714
:0x00000714: jumpEqual address reg0 reg2		#  add:0x00000768 reg0:0x0000000000000000 reg2:0x0000000000000000
:0x00000768: jumpEqual address reg1 reg2		#  add:0x00000950 reg1:0x00ffffffff000000 reg2:0x0000000000000000
:0x00000797: compare reg0 reg2 reg5		#  reg0:0x0000000000000000 reg2:0x0000000000000000 reg5:0x0000000000000000
:0x000007ab: compare reg1 reg2 reg6		#  reg1:0x00ffffffff000000 reg2:0x0000000000000000 reg6:0x0000000000000001
:0x000007bf: compare reg5 reg8 reg5		#  reg5:0x0000000000000001 reg8:0xffffffffffffffff reg5:0x0000000000000001
:0x000007d3: compare reg6 reg8 reg6		#  reg6:0x0000000000000001 reg8:0xffffffffffffffff reg6:0x0000000000000001
:0x000007e7: jumpEqual address reg5 reg6		#  add:0x00000850 reg5:0x0000000000000001 reg6:0x0000000000000001
:0x00000850: jumpEqual address reg3 reg4		#  add:0x000008b9 reg3:0x8000000000000000 reg4:0x0000008000000000
:0x0000087f: div reg4 reg7 reg4		#  reg4:0x0000004000000000 reg7:0x0000000000000002 reg4:0x0000004000000000
:0x00000894: jump address		#  add:0x00000901
:0x00000901: mul reg0 reg7 reg0		#  reg0:0x0000000000000000 reg7:0x0000000000000002 reg0:0x0000000000000000
:0x00000916: mul reg1 reg7 reg1		#  reg1:0x01fffffffe000000 reg7:0x0000000000000002 reg1:0x01fffffffe000000
:0x0000092b: jump address		#  add:0x00000714
:0x00000714: jumpEqual address reg0 reg2		#  add:0x00000768 reg0:0x0000000000000000 reg2:0x0000000000000000
:0x00000768: jumpEqual address reg1 reg2		#  add:0x00000950 reg1:0x01fffffffe000000 reg2:0x0000000000000000
:0x00000797: compare reg0 reg2 reg5		#  reg0:0x0000000000000000 reg2:0x0000000000000000 reg5:0x0000000000000000
:0x000007ab: compare reg1 reg2 reg6		#  reg1:0x01fffffffe000000 reg2:0x0000000000000000 reg6:0x0000000000000001
:0x000007bf: compare reg5 reg8 reg5		#  reg5:0x0000000000000001 reg8:0xffffffffffffffff reg5:0x0000000000000001
:0x000007d3: compare reg6 reg8 reg6		#  reg6:0x0000000000000001 reg8:0xffffffffffffffff reg6:0x0000000000000001
:0x000007e7: jumpEqual address reg5 reg6		#  add:0x00000850 reg5:0x0000000000000001 reg6:0x0000000000000001
:0x00000850: jumpEqual address reg3 reg4		#  add:0x000008b9 reg3:0x8000000000000000 reg4:0x0000004000000000
:0x0000087f: div reg4 reg7 reg4		#  reg4:0x0000002000000000 reg7:0x0000000000000002 reg4:0x0000002000000000
:0x00000894: jump address		#  add:0x00000901
:0x00000901: mul reg0 reg7 reg0		#  reg0:0x0000000000000000 reg7:0x0000000000000002 reg0:0x0000000000000000
:0x00000916: mul reg1 reg7 reg1		#  reg1:0x03fffffffc000000 reg7:0x0000000000000002 reg1:0x03fffffffc000000
:0x0000092b: jump address		#  add:0x00000714
:0x00000714: jumpEqual address reg0 reg2		#  add:0x00000768 reg0:0x0000000000000000 reg2:0x0000000000000000
:0x00000768: jumpEqual address reg1 reg2		#  add:0x00000950 reg1:0x03fffffffc000000 reg2:0x0000000000000000
:0x00000797: compare reg0 reg2 reg5		#  reg0:0x0000000000000000 reg2:0x0000000000000000 reg5:0x0000000000000000
:0x000007ab: compare reg1 reg2 reg6		#  reg1:0x03fffffffc000000 reg2:0x0000000000000000 reg6:0x0000000000000001
:0x000007bf: compare reg5 reg8 reg5		#  reg5:0x0000000000000001 reg8:0xffffffffffffffff reg5:0x0000000000000001
:0x000007d3: compare reg6 reg8 reg6		#  reg6:0x0000000000000001 reg8:0xffffffffffffffff reg6:0x0000000000000001
:0x000007e7: jumpEqual address reg5 reg6		#  add:0x00000850 reg5:0x0000000000000001 reg6:0x0000000000000001
:0x00000850: jumpEqual address reg3 reg4		#  add:0x000008b9 reg3:0x8000000000000000 reg4:0x0000002000000000
:0x0000087f: div reg4 reg7 reg4		#  reg4:0x0000001000000000 reg7:0x0000000000000002 reg4:0x0000001000000000
:0x00000894: jump address		#  add:0x00000901
:0x00000901: mul reg0 reg7 reg0		#  reg0:0x0000000000000000 reg7:0x0000000000000002 reg0:0x0000000000000000
:0x00000916: mul reg1 reg7 reg1		#  reg1:0x07fffffff8000000 reg7:0x0000000000000002 reg1:0x07fffffff8000000
:0x0000092b: jump address		#  add:0x00000714
:0x00000714: jumpEqual address reg0 reg2		#  add:0x00000768 reg0:0x0000000000000000 reg2:0x0000000000000000
:0x00000768: jumpEqual address reg1 reg2		#  add:0x00000950 reg1:0x07fffffff8000000 reg2:0x0000000000000000
:0x00000797: compare reg0 reg2 reg5		#  reg0:0x0000000000000000 reg2:0x0000000000000000 reg5:0x0000000000000000
:0x000007ab: compare reg1 reg2 reg6		#  reg1:0x07fffffff8000000 reg2:0x0000000000000000 reg6:0x0000000000000001
:0x000007bf: compare reg5 reg8 reg5		#  reg5:0x0000000000000001 reg8:0xffffffffffffffff reg5:0x0000000000000001
:0x000007d3: compare reg6 reg8 reg6		#  reg6:0x0000000000000001 reg8:0xffffffffffffffff reg6:0x0000000000000001
:0x000007e7: jumpEqual address reg5 reg6		#  add:0x00000850 reg5:0x0000000000000001 reg6:0x0000000000000001
:0x00000850: jumpEqual address reg3 reg4		#  add:0x000008b9 reg3:0x8000000000000000 reg4:0x0000001000000000
:0x0000087f: div reg4 reg7 reg4		#  reg4:0x0000000800000000 reg7:0x0000000000000002 reg4:0x0000000800000000
:0x00000894: jump address		#  add:0x00000901
:0x00000901: mul reg0 reg7 reg0		#  reg0:0x0000000000000000 reg7:0x0000000000000002 reg0:0x0000000000000000
:0x00000916: mul reg1 reg7 reg1		#  reg1:0x0ffffffff0000000 reg7:0x0000000000000002 reg1:0x0ffffffff0000000
:0x0000092b: jump address		#  add:0x00000714
:0x00000714: jumpEqual address reg0 reg2		#  add:0x00000768 reg0:0x0000000000000000 reg2:0x0000000000000000
:0x00000768: jumpEqual address reg1 reg2		#  add:0x00000950 reg1:0x0ffffffff0000000 reg2:0x0000000000000000
:0x00000797: compare reg0 reg2 reg5		#  reg0:0x0000000000000000 reg2:0x0000000000000000 reg5:0x0000000000000000
:0x000007ab: compare reg1 reg2 reg6		#  reg1:0x0ffffffff0000000 reg2:0x0000000000000000 reg6:0x0000000000000001
:0x000007bf: compare reg5 reg8 reg5		#  reg5:0x0000000000000001 reg8:0xffffffffffffffff reg5:0x0000000000000001
:0x000007d3: compare reg6 reg8 reg6		#  reg6:0x0000000000000001 reg8:0xffffffffffffffff reg6:0x0000000000000001
:0x000007e7: jumpEqual address reg5 reg6		#  add:0x00000850 reg5:0x0000000000000001 reg6:0x0000000000000001
:0x00000850: jumpEqual address reg3 reg4		#  add:0x000008b9 reg3:0x8000000000000000 reg4:0x0000000800000000
:0x0000087f: div reg4 reg7 reg4		#  reg4:0x0000000400000000 reg7:0x0000000000000002 reg4:0x0000000400000000
:0x00000894: jump address		#  add:0x00000901
:0x00000901: mul reg0 reg7 reg0		#  reg0:0x0000000000000000 reg7:0x0000000000000002 reg0:0x0000000000000000
:0x00000916: mul reg1 reg7 reg1		#  reg1:0x1fffffffe0000000 reg7:0x0000000000000002 reg1:0x1fffffffe0000000
:0x0000092b: jump address		#  add:0x00000714
:0x00000714: jumpEqual address reg0 reg2		#  add:0x00000768 reg0:0x0000000000000000 reg2:0x0000000000000000
:0x00000768: jumpEqual address reg1 reg2		#  add:0x00000950 reg1:0x1fffffffe0000000 reg2:0x0000000000000000
:0x00000797: compare reg0 reg2 reg5		#  reg0:0x0000000000000000 reg2:0x0000000000000000 reg5:0x0000000000000000
:0x000007ab: compare reg1 reg2 reg6		#  reg1:0x1fffffffe0000000 reg2:0x0000000000000000 reg6:0x0000000000000001
:0x000007bf: compare reg5 reg8 reg5		#  reg5:0x0000000000000001 reg8:0xffffffffffffffff reg5:0x0000000000000001
:0x000007d3: compare reg6 reg8 reg6		#  reg6:0x0000000000000001 reg8:0xffffffffffffffff reg6:0x0000000000000001
:0x000007e7: jumpEqual address reg5 reg6		#  add:0x00000850 reg5:0x0000000000000001 reg6:0x0000000000000001
:0x00000850: jumpEqual address reg3 reg4		#  add:0x000008b9 reg3:0x8000000000000000 reg4:0x0000000400000000
:0x0000087f: div reg4 reg7 reg4		#  reg4:0x0000000200000000 reg7:0x0000000000000002 reg4:0x0000000200000000
:0x00000894: jump address		#  add:0x00000901
:0x00000901: mul reg0 reg7 reg0		#  reg0:0x0000000000000000 reg7:0x0000000000000002 reg0:0x0000000000000000
:0x00000916: mul reg1 reg7 reg1		#  reg1:0x3fffffffc0000000 reg7:0x0000000000000002 reg1:0x3fffffffc0000000
:0x0000092b: jump address		#  add:0x00000714
:0x00000714: jumpEqual address reg0 reg2		#  add:0x00000768 reg0:0x0000000000000000 reg2:0x0000000000000000
:0x00000768: jumpEqual address reg1 reg2		#  add:0x00000950 reg1:0x3fffffffc0000000 reg2:0x0000000000000000
:0x00000797: compare reg0 reg2 reg5		#  reg0:0x0000000000000000 reg2:0x0000000000000000 reg5:0x0000000000000000
:0x000007ab: compare reg1 reg2 reg6		#  reg1:0x3fffffffc0000000 reg2:0x0000000000000000 reg6:0x0000000000000001
:0x000007bf: compare reg5 reg8 reg5		#  reg5:0x0000000000000001 reg8:0xffffffffffffffff reg5:0x0000000000000001
:0x000007d3: compare reg6 reg8 reg6		#  reg6:0x0000000000000001 reg8:0xffffffffffffffff reg6:0x0000000000000001
:0x000007e7: jumpEqual address reg5 reg6		#  add:0x00000850 reg5:0x0000000000000001 reg6:0x0000000000000001
:0x00000850: jumpEqual address reg3 reg4		#  add:0x000008b9 reg3:0x8000000000000000 reg4:0x0000000200000000
:0x0000087f: div reg4 reg7 reg4		#  reg4:0x0000000100000000 reg7:0x0000000000000002 reg4:0x0000000100000000
:0x00000894: jump address		#  add:0x00000901
:0x00000901: mul reg0 reg7 reg0		#  reg0:0x0000000000000000 reg7:0x0000000000000002 reg0:0x0000000000000000
:0x00000916: mul reg1 reg7 reg1		#  reg1:0x7fffffff80000000 reg7:0x0000000000000002 reg1:0x7fffffff80000000
:0x0000092b: jump address		#  add:0x00000714
:0x00000714: jumpEqual address reg0 reg2		#  add:0x00000768 reg0:0x0000000000000000 reg2:0x0000000000000000
:0x00000768: jumpEqual address reg1 reg2		#  add:0x00000950 reg1:0x7fffffff80000000 reg2:0x0000000000000000
:0x00000797: compare reg0 reg2 reg5		#  reg0:0x0000000000000000 reg2:0x0000000000000000 reg5:0x0000000000000000
:0x000007ab: compare reg1 reg2 reg6		#  reg1:0x7fffffff80000000 reg2:0x0000000000000000 reg6:0x0000000000000001
:0x000007bf: compare reg5 reg8 reg5		#  reg5:0x0000000000000001 reg8:0xffffffffffffffff reg5:0x0000000000000001
:0x000007d3: compare reg6 reg8 reg6		#  reg6:0x0000000000000001 reg8:0xffffffffffffffff reg6:0x0000000000000001
:0x000007e7: jumpEqual address reg5 reg6		#  add:0x00000850 reg5:0x0000000000000001 reg6:0x0000000000000001
:0x00000850: jumpEqual address reg3 reg4		#  add:0x000008b9 reg3:0x8000000000000000 reg4:0x0000000100000000
:0x0000087f: div reg4 reg7 reg4		#  reg4:0x0000000080000000 reg7:0x0000000000000002 reg4:0x0000000080000000
:0x00000894: jump address		#  add:0x00000901
:0x00000901: mul reg0 reg7 reg0		#  reg0:0x0000000000000000 reg7:0x0000000000000002 reg0:0x0000000000000000
:0x00000916: mul reg1 reg7 reg1		#  reg1:0xffffffff00000000 reg7:0x0000000000000002 reg1:0xffffffff00000000
:0x0000092b: jump address		#  add:0x00000714
:0x00000714: jumpEqual address reg0 reg2		#  add:0x00000768 reg0:0x0000000000000000 reg2:0x0000000000000000
:0x00000768: jumpEqual address reg1 reg2		#  add:0x00000950 reg1:0xffffffff00000000 reg2:0x0000000000000000
:0x00000797: compare reg0 reg2 reg5		#  reg0:0x0000000000000000 reg2:0x0000000000000000 reg5:0x0000000000000000
:0x000007ab: compare reg1 reg2 reg6		#  reg1:0xffffffff00000000 reg2:0x0000000000000000 reg6:0xffffffffffffffff
:0x000007bf: compare reg5 reg8 reg5		#  reg5:0x0000000000000001 reg8:0xffffffffffffffff reg5:0x0000000000000001
:0x000007d3: compare reg6 reg8 reg6		#  reg6:0x0000000000000000 reg8:0xffffffffffffffff reg6:0x0000000000000000
:0x000007e7: jumpEqual address reg5 reg6		#  add:0x00000850 reg5:0x0000000000000001 reg6:0x0000000000000000
:0x00000816: add reg10 reg4 reg10		#  reg10:0x0000000080000000 reg4:0x0000000080000000 reg10:0x0000000080000000
:0x0000082b: jump address		#  add:0x00000850
:0x00000850: jumpEqual address reg3 reg4		#  add:0x000008b9 reg3:0x8000000000000000 reg4:0x0000000080000000
:0x0000087f: div reg4 reg7 reg4		#  reg4:0x0000000040000000 reg7:0x0000000000000002 reg4:0x0000000040000000
:0x00000894: jump address		#  add:0x00000901
:0x00000901: mul reg0 reg7 reg0		#  reg0:0x0000000000000000 reg7:0x0000000000000002 reg0:0x0000000000000000
:0x00000916: mul reg1 reg7 reg1		#  reg1:0xfffffffe00000000 reg7:0x0000000000000002 reg1:0xfffffffe00000000
:0x0000092b: jump address		#  add:0x00000714
:0x00000714: jumpEqual address reg0 reg2		#  add:0x00000768 reg0:0x0000000000000000 reg2:0x0000000000000000
:0x00000768: jumpEqual address reg1 reg2		#  add:0x00000950 reg1:0xfffffffe00000000 reg2:0x0000000000000000
:0x00000797: compare reg0 reg2 reg5		#  reg0:0x0000000000000000 reg2:0x0000000000000000 reg5:0x0000000000000000
:0x000007ab: compare reg1 reg2 reg6		#  reg1:0xfffffffe00000000 reg2:0x0000000000000000 reg6:0xffffffffffffffff
:0x000007bf: compare reg5 reg8 reg5		#  reg5:0x0000000000000001 reg8:0xffffffffffffffff reg5:0x0000000000000001
:0x000007d3: compare reg6 reg8 reg6		#  reg6:0x0000000000000000 reg8:0xffffffffffffffff reg6:0x0000000000000000
:0x000007e7: jumpEqual address reg5 reg6		#  add:0x00000850 reg5:0x0000000000000001 reg6:0x0000000000000000
:0x00000816: add reg10 reg4 reg10		#  reg10:0x00000000c0000000 reg4:0x0000000040000000 reg10:0x00000000c0000000
:0x0000082b: jump address		#  add:0x00000850
:0x00000850: jumpEqual address reg3 reg4		#  add:0x000008b9 reg3:0x8000000000000000 reg4:0x0000000040000000
:0x0000087f: div reg4 reg7 reg4		#  reg4:0x0000000020000000 reg7:0x0000000000000002 reg4:0x0000000020000000
:0x00000894: jump address		#  add:0x00000901
:0x00000901: mul reg0 reg7 reg0		#  reg0:0x0000000000000000 reg7:0x0000000000000002 reg0:0x0000000000000000
:0x00000916: mul reg1 reg7 reg1		#  reg1:0xfffffffc00000000 reg7:0x0000000000000002 reg1:0xfffffffc00000000
:0x0000092b: jump address		#  add:0x00000714
:0x00000714: jumpEqual address reg0 reg2		#  add:0x00000768 reg0:0x0000000000000000 reg2:0x0000000000000000
:0x00000768: jumpEqual address reg1 reg2		#  add:0x00000950 reg1:0xfffffffc00000000 reg2:0x0000000000000000
:0x00000797: compare reg0 reg2 reg5		#  reg0:0x0000000000000000 reg2:0x0000000000000000 reg5:0x0000000000000000
:0x000007ab: compare reg1 reg2 reg6		#  reg1:0xfffffffc00000000 reg2:0x0000000000000000 reg6:0xffffffffffffffff
:0x000007bf: compare reg5 reg8 reg5		#  reg5:0x0000000000000001 reg8:0xffffffffffffffff reg5:0x0000000000000001
:0x000007d3: compare reg6 reg8 reg6		#  reg6:0x0000000000000000 reg8:0xffffffffffffffff reg6:0x0000000000000000
:0x000007e7: jumpEqual address reg5 reg6		#  add:0x00000850 reg5:0x0000000000000001 reg6:0x0000000000000000
:0x00000816: add reg10 reg4 reg10		#  reg10:0x00000000e0000000 reg4:0x0000000020000000 reg10:0x00000000e0000000
:0x0000082b: jump address		#  add:0x00000850
:0x00000850: jumpEqual address reg3 reg4		#  add:0x000008b9 reg3:0x8000000000000000 reg4:0x0000000020000000
:0x0000087f: div reg4 reg7 reg4		#  reg4:0x0000000010000000 reg7:0x0000000000000002 reg4:0x0000000010000000
:0x00000894: jump address		#  add:0x00000901
:0x00000901: mul reg0 reg7 reg0		#  reg0:0x0000000000000000 reg7:0x0000000000000002 reg0:0x0000000000000000
:0x00000916: mul reg1 reg7 reg1		#  reg1:0xfffffff800000000 reg7:0x0000000000000002 reg1:0xfffffff800000000
:0x0000092b: jump address		#  add:0x00000714
:0x00000714: jumpEqual address reg0 reg2		#  add:0x00000768 reg0:0x0000000000000000 reg2:0x0000000000000000
:0x00000768: jumpEqual address reg1 reg2		#  add:0x00000950 reg1:0xfffffff800000000 reg2:0x0000000000000000
:0x00000797: compare reg0 reg2 reg5		#  reg0:0x0000000000000000 reg2:0x0000000000000000 reg5:0x0000000000000000
:0x000007ab: compare reg1 reg2 reg6		#  reg1:0xfffffff800000000 reg2:0x0000000000000000 reg6:0xffffffffffffffff
:0x000007bf: compare reg5 reg8 reg5		#  reg5:0x0000000000000001 reg8:0xffffffffffffffff reg5:0x0000000000000001
:0x000007d3: compare reg6 reg8 reg6		#  reg6:0x0000000000000000 reg8:0xffffffffffffffff reg6:0x0000000000000000
:0x000007e7: jumpEqual address reg5 reg6		#  add:0x00000850 reg5:0x0000000000000001 reg6:0x0000000000000000
:0x00000816: add reg10 reg4 reg10		#  reg10:0x00000000f0000000 reg4:0x0000000010000000 reg10:0x00000000f0000000
:0x0000082b: jump address		#  add:0x00000850
:0x00000850: jumpEqual address reg3 reg4		#  add:0x000008b9 reg3:0x8000000000000000 reg4:0x0000000010000000
:0x0000087f: div reg4 reg7 reg4		#  reg4:0x0000000008000000 reg7:0x0000000000000002 reg4:0x0000000008000000
:0x00000894: jump address		#  add:0x00000901
:0x00000901: mul reg0 reg7 reg0		#  reg0:0x0000000000000000 reg7:0x0000000000000002 reg0:0x0000000000000000
:0x00000916: mul reg1 reg7 reg1		#  reg1:0xfffffff000000000 reg7:0x0000000000000002 reg1:0xfffffff000000000
:0x0000092b: jump address		#  add:0x00000714
:0x00000714: jumpEqual address reg0 reg2		#  add:0x00000768 reg0:0x0000000000000000 reg2:0x0000000000000000
:0x00000768: jumpEqual address reg1 reg2		#  add:0x00000950 reg1:0xfffffff000000000 reg2:0x0000000000000000
:0x00000797: compare reg0 reg2 reg5		#  reg0:0x0000000000000000 reg2:0x0000000000000000 reg5:0x0000000000000000
:0x000007ab: compare reg1 reg2 reg6		#  reg1:0xfffffff000000000 reg2:0x0000000000000000 reg6:0xffffffffffffffff
:0x000007bf: compare reg5 reg8 reg5		#  reg5:0x0000000000000001 reg8:0xffffffffffffffff reg5:0x0000000000000001
:0x000007d3: compare reg6 reg8 reg6		#  reg6:0x0000000000000000 reg8:0xffffffffffffffff reg6:0x0000000000000000
:0x000007e7: jumpEqual address reg5 reg6		#  add:0x00000850 reg5:0x0000000000000001 reg6:0x0000000000000000
:0x00000816: add reg10 reg4 reg10		#  reg10:0x00000000f8000000 reg4:0x0000000008000000 reg10:0x00000000f8000000
:0x0000082b: jump address		#  add:0x00000850
:0x00000850: jumpEqual address reg3 reg4		#  add:0x000008b9 reg3:0x8000000000000000 reg4:0x0000000008000000
:0x0000087f: div reg4 reg7 reg4		#  reg4:0x0000000004000000 reg7:0x0000000000000002 reg4:0x0000000004000000
:0x00000894: jump address		#  add:0x00000901
:0x00000901: mul reg0 reg7 reg0		#  reg0:0x0000000000000000 reg7:0x0000000000000002 reg0:0x0000000000000000
:0x00000916: mul reg1 reg7 reg1		#  reg1:0xffffffe000000000 reg7:0x0000000000000002 reg1:0xffffffe000000000
:0x0000092b: jump address		#  add:0x00000714
:0x00000714: jumpEqual address reg0 reg2		#  add:0x00000768 reg0:0x0000000000000000 reg2:0x0000000000000000
:0x00000768: jumpEqual address reg1 reg2		#  add:0x00000950 reg1:0xffffffe000000000 reg2:0x0000000000000000
:0x00000797: compare reg0 reg2 reg5		#  reg0:0x0000000000000000 reg2:0x0000000000000000 reg5:0x0000000000000000
:0x000007ab: compare reg1 reg2 reg6		#  reg1:0xffffffe000000000 reg2:0x0000000000000000 reg6:0xffffffffffffffff
:0x000007bf: compare reg5 reg8 reg5		#  reg5:0x0000000000000001 reg8:0xffffffffffffffff reg5:0x0000000000000001
:0x000007d3: compare reg6 reg8 reg6		#  reg6:0x0000000000000000 reg8:0xffffffffffffffff reg6:0x0000000000000000
:0x000007e7: jumpEqual address reg5 reg6		#  add:0x00000850 reg5:0x0000000000000001 reg6:0x0000000000000000
:0x00000816: add reg10 reg4 reg10		#  reg10:0x00000000fc000000 reg4:0x0000000004000000 reg10:0x00000000fc000000
:0x0000082b: jump address		#  add:0x00000850
:0x00000850: jumpEqual address reg3 reg4		#  add:0x000008b9 reg3:0x8000000000000000 reg4:0x0000000004000000
:0x0000087f: div reg4 reg7 reg4		#  reg4:0x0000000002000000 reg7:0x0000000000000002 reg4:0x0000000002000000
:0x00000894: jump address		#  add:0x00000901
:0x00000901: mul reg0 reg7 reg0		#  reg0:0x0000000000000000 reg7:0x0000000000000002 reg0:0x0000000000000000
:0x00000916: mul reg1 reg7 reg1		#  reg1:0xffffffc000000000 reg7:0x0000000000000002 reg1:0xffffffc000000000
:0x0000092b: jump address		#  add:0x00000714
:0x00000714: jumpEqual address reg0 reg2		#  add:0x00000768 reg0:0x0000000000000000 reg2:0x0000000000000000
:0x00000768: jumpEqual address reg1 reg2		#  add:0x00000950 reg1:0xffffffc000000000 reg2:0x0000000000000000
:0x00000797: compare reg0 reg2 reg5		#  reg0:0x0000000000000000 reg2:0x0000000000000000 reg5:0x0000000000000000
:0x000007ab: compare reg1 reg2 reg6		#  reg1:0xffffffc000000000 reg2:0x0000000000000000 reg6:0xffffffffffffffff
:0x000007bf: compare reg5 reg8 reg5		#  reg5:0x0000000000000001 reg8:0xffffffffffffffff reg5:0x0000000000000001
:0x000007d3: compare reg6 reg8 reg6		#  reg6:0x0000000000000000 reg8:0xffffffffffffffff reg6:0x0000000000000000
:0x000007e7: jumpEqual address reg5 reg6		#  add:0x00000850 reg5:0x0000000000000001 reg6:0x0000000000000000
:0x00000816: add reg10 reg4 reg10		#  reg10:0x00000000fe000000 reg4:0x0000000002000000 reg10:0x00000000fe000000
:0x0000082b: jump address		#  add:0x00000850
:0x00000850: jumpEqual address reg3 reg4		#  add:0x000008b9 reg3:0x8000000000000000 reg4:0x0000000002000000
:0x0000087f: div reg4 reg7 reg4		#  reg4:0x0000000001000000 reg7:0x0000000000000002 reg4:0x0000000001000000
:0x00000894: jump address		#  add:0x00000901
:0x00000901: mul reg0 reg7 reg0		#  reg0:0x0000000000000000 reg7:0x0000000000000002 reg0:0x0000000000000000
:0x00000916: mul reg1 reg7 reg1		#  reg1:0xffffff8000000000 reg7:0x0000000000000002 reg1:0xffffff8000000000
:0x0000092b: jump address		#  add:0x00000714
:0x00000714: jumpEqual address reg0 reg2		#  add:0x00000768 reg0:0x0000000000000000 reg2:0x0000000000000000
:0x00000768: jumpEqual address reg1 reg2		#  add:0x00000950 reg1:0xffffff8000000000 reg2:0x0000000000000000
:0x00000797: compare reg0 reg2 reg5		#  reg0:0x0000000000000000 reg2:0x0000000000000000 reg5:0x0000000000000000
:0x000007ab: compare reg1 reg2 reg6		#  reg1:0xffffff8000000000 reg2:0x0000000000000000 reg6:0xffffffffffffffff
:0x000007bf: compare reg5 reg8 reg5		#  reg5:0x0000000000000001 reg8:0xffffffffffffffff reg5:0x0000000000000001
:0x000007d3: compare reg6 reg8 reg6		#  reg6:0x0000000000000000 reg8:0xffffffffffffffff reg6:0x0000000000000000
:0x000007e7: jumpEqual address reg5 reg6		#  add:0x00000850 reg5:0x0000000000000001 reg6:0x0000000000000000
:0x00000816: add reg10 reg4 reg10		#  reg10:0x00000000ff000000 reg4:0x0000000001000000 reg10:0x00000000ff000000
:0x0000082b: jump address		#  add:0x00000850
:0x00000850: jumpEqual address reg3 reg4		#  add:0x000008b9 reg3:0x8000000000000000 reg4:0x0000000001000000
:0x0000087f: div reg4 reg7 reg4		#  reg4:0x0000000000800000 reg7:0x0000000000000002 reg4:0x0000000000800000
:0x00000894: jump address		#  add:0x00000901
:0x00000901: mul reg0 reg7 reg0		#  reg0:0x0000000000000000 reg7:0x0000000000000002 reg0:0x0000000000000000
:0x00000916: mul reg1 reg7 reg1		#  reg1:0xffffff0000000000 reg7:0x0000000000000002 reg1:0xffffff0000000000
:0x0000092b: jump address		#  add:0x00000714
:0x00000714: jumpEqual address reg0 reg2		#  add:0x00000768 reg0:0x0000000000000000 reg2:0x0000000000000000
:0x00000768: jumpEqual address reg1 reg2		#  add:0x00000950 reg1:0xffffff0000000000 reg2:0x0000000000000000
:0x00000797: compare reg0 reg2 reg5		#  reg0:0x0000000000000000 reg2:0x0000000000000000 reg5:0x0000000000000000
:0x000007ab: compare reg1 reg2 reg6		#  reg1:0xffffff0000000000 reg2:0x0000000000000000 reg6:0xffffffffffffffff
:0x000007bf: compare reg5 reg8 reg5		#  reg5:0x0000000000000001 reg8:0xffffffffffffffff reg5:0x0000000000000001
:0x000007d3: compare reg6 reg8 reg6		#  reg6:0x0000000000000000 reg8:0xffffffffffffffff reg6:0x0000000000000000
:0x000007e7: jumpEqual address reg5 reg6		#  add:0x00000850 reg5:0x0000000000000001 reg6:0x0000000000000000
:0x00000816: add reg10 reg4 reg10		#  reg10:0x00000000ff800000 reg4:0x0000000000800000 reg10:0x00000000ff800000
:0x0000082b: jump address		#  add:0x00000850
:0x00000850: jumpEqual address reg3 reg4		#  add:0x000008b9 reg3:0x8000000000000000 reg4:0x0000000000800000
:0x0000087f: div reg4 reg7 reg4		#  reg4:0x0000000000400000 reg7:0x0000000000000002 reg4:0x0000000000400000
:0x00000894: jump address		#  add:0x00000901
:0x00000901: mul reg0 reg7 reg0		#  reg0:0x0000000000000000 reg7:0x0000000000000002 reg0:0x0000000000000000
:0x00000916: mul reg1 reg7 reg1		#  reg1:0xfffffe0000000000 reg7:0x0000000000000002 reg1:0xfffffe0000000000
:0x0000092b: jump address		#  add:0x00000714
:0x00000714: jumpEqual address reg0 reg2		#  add:0x00000768 reg0:0x0000000000000000 reg2:0x0000000000000000
:0x00000768: jumpEqual address reg1 reg2		#  add:0x00000950 reg1:0xfffffe0000000000 reg2:0x0000000000000000
:0x00000797: compare reg0 reg2 reg5		#  reg0:0x0000000000000000 reg2:0x0000000000000000 reg5:0x0000000000000000
:0x000007ab: compare reg1 reg2 reg6		#  reg1:0xfffffe0000000000 reg2:0x0000000000000000 reg6:0xffffffffffffffff
:0x000007bf: compare reg5 reg8 reg5		#  reg5:0x0000000000000001 reg8:0xffffffffffffffff reg5:0x0000000000000001
:0x000007d3: compare reg6 reg8 reg6		#  reg6:0x0000000000000000 reg8:0xffffffffffffffff reg6:0x0000000000000000
:0x000007e7: jumpEqual address reg5 reg6		#  add:0x00000850 reg5:0x0000000000000001 reg6:0x0000000000000000
:0x00000816: add reg10 reg4 reg10		#  reg10:0x00000000ffc00000 reg4:0x0000000000400000 reg10:0x00000000ffc00000
:0x0000082b: jump address		#  add:0x00000850
:0x00000850: jumpEqual address reg3 reg4		#  add:0x000008b9 reg3:0x8000000000000000 reg4:0x0000000000400000
:0x0000087f: div reg4 reg7 reg4		#  reg4:0x0000000000200000 reg7:0x0000000000000002 reg4:0x0000000000200000
:0x00000894: jump address		#  add:0x00000901
:0x00000901: mul reg0 reg7 reg0		#  reg0:0x0000000000000000 reg7:0x0000000000000002 reg0:0x0000000000000000
:0x00000916: mul reg1 reg7 reg1		#  reg1:0xfffffc0000000000 reg7:0x0000000000000002 reg1:0xfffffc0000000000
:0x0000092b: jump address		#  add:0x00000714
:0x00000714: jumpEqual address reg0 reg2		#  add:0x00000768 reg0:0x0000000000000000 reg2:0x0000000000000000
:0x00000768: jumpEqual address reg1 reg2		#  add:0x00000950 reg1:0xfffffc0000000000 reg2:0x0000000000000000
:0x00000797: compare reg0 reg2 reg5		#  reg0:0x0000000000000000 reg2:0x0000000000000000 reg5:0x0000000000000000
:0x000007ab: compare reg1 reg2 reg6		#  reg1:0xfffffc0000000000 reg2:0x0000000000000000 reg6:0xffffffffffffffff
:0x000007bf: compare reg5 reg8 reg5		#  reg5:0x0000000000000001 reg8:0xffffffffffffffff reg5:0x0000000000000001
:0x000007d3: compare reg6 reg8 reg6		#  reg6:0x0000000000000000 reg8:0xffffffffffffffff reg6:0x0000000000000000
:0x000007e7: jumpEqual address reg5 reg6		#  add:0x00000850 reg5:0x0000000000000001 reg6:0x0000000000000000
:0x00000816: add reg10 reg4 reg10		#  reg10:0x00000000ffe00000 reg4:0x0000000000200000 reg10:0x00000000ffe00000
:0x0000082b: jump address		#  add:0x00000850
:0x00000850: jumpEqual address reg3 reg4		#  add:0x000008b9 reg3:0x8000000000000000 reg4:0x0000000000200000
:0x0000087f: div reg4 reg7 reg4		#  reg4:0x0000000000100000 reg7:0x0000000000000002 reg4:0x0000000000100000
:0x00000894: jump address		#  add:0x00000901
:0x00000901: mul reg0 reg7 reg0		#  reg0:0x0000000000000000 reg7:0x0000000000000002 reg0:0x0000000000000000
:0x00000916: mul reg1 reg7 reg1		#  reg1:0xfffff80000000000 reg7:0x0000000000000002 reg1:0xfffff80000000000
:0x0000092b: jump address		#  add:0x00000714
:0x00000714: jumpEqual address reg0 reg2		#  add:0x00000768 reg0:0x0000000000000000 reg2:0x0000000000000000
:0x00000768: jumpEqual address reg1 reg2		#  add:0x00000950 reg1:0xfffff80000000000 reg2:0x0000000000000000
:0x00000797: compare reg0 reg2 reg5		#  reg0:0x0000000000000000 reg2:0x0000000000000000 reg5:0x0000000000000000
:0x000007ab: compare reg1 reg2 reg6		#  reg1:0xfffff80000000000 reg2:0x0000000000000000 reg6:0xffffffffffffffff
:0x000007bf: compare reg5 reg8 reg5		#  reg5:0x0000000000000001 reg8:0xffffffffffffffff reg5:0x0000000000000001
:0x000007d3: compare reg6 reg8 reg6		#  reg6:0x0000000000000000 reg8:0xffffffffffffffff reg6:0x0000000000000000
:0x000007e7: jumpEqual address reg5 reg6		#  add:0x00000850 reg5:0x0000000000000001 reg6:0x0000000000000000
:0x00000816: add reg10 reg4 reg10		#  reg10:0x00000000fff00000 reg4:0x0000000000100000 reg10:0x00000000fff00000
:0x0000082b: jump address		#  add:0x00000850
:0x00000850: jumpEqual address reg3 reg4		#  add:0x000008b9 reg3:0x8000000000000000 reg4:0x0000000000100000
:0x0000087f: div reg4 reg7 reg4		#  reg4:0x0000000000080000 reg7:0x0000000000000002 reg4:0x0000000000080000
:0x00000894: jump address		#  add:0x00000901
:0x00000901: mul reg0 reg7 reg0		#  reg0:0x0000000000000000 reg7:0x0000000000000002 reg0:0x0000000000000000
:0x00000916: mul reg1 reg7 reg1		#  reg1:0xfffff00000000000 reg7:0x0000000000000002 reg1:0xfffff00000000000
:0x0000092b: jump address		#  add:0x00000714
:0x00000714: jumpEqual address reg0 reg2		#  add:0x00000768 reg0:0x0000000000000000 reg2:0x0000000000000000
:0x00000768: jumpEqual address reg1 reg2		#  add:0x00000950 reg1:0xfffff00000000000 reg2:0x0000000000000000
:0x00000797: compare reg0 reg2 reg5		#  reg0:0x0000000000000000 reg2:0x0000000000000000 reg5:0x0000000000000000
:0x000007ab: compare reg1 reg2 reg6		#  reg1:0xfffff00000000000 reg2:0x0000000000000000 reg6:0xffffffffffffffff
:0x000007bf: compare reg5 reg8 reg5		#  reg5:0x0000000000000001 reg8:0xffffffffffffffff reg5:0x0000000000000001
:0x000007d3: compare reg6 reg8 reg6		#  reg6:0x0000000000000000 reg8:0xffffffffffffffff reg6:0x0000000000000000
:0x000007e7: jumpEqual address reg5 reg6		#  add:0x00000850 reg5:0x0000000000000001 reg6:0x0000000000000000
:0x00000816: add reg10 reg4 reg10		#  reg10:0x00000000fff80000 reg4:0x0000000000080000 reg10:0x00000000fff80000
:0x0000082b: jump address		#  add:0x00000850
:0x00000850: jumpEqual address reg3 reg4		#  add:0x000008b9 reg3:0x8000000000000000 reg4:0x0000000000080000
:0x0000087f: div reg4 reg7 reg4		#  reg4:0x0000000000040000 reg7:0x0000000000000002 reg4:0x0000000000040000
:0x00000894: jump address		#  add:0x00000901
:0x00000901: mul reg0 reg7 reg0		#  reg0:0x0000000000000000 reg7:0x0000000000000002 reg0:0x0000000000000000
:0x00000916: mul reg1 reg7 reg1		#  reg1:0xffffe00000000000 reg7:0x0000000000000002 reg1:0xffffe00000000000
:0x0000092b: jump address		#  add:0x00000714
:0x00000714: jumpEqual address reg0 reg2		#  add:0x00000768 reg0:0x0000000000000000 reg2:0x0000000000000000
:0x00000768: jumpEqual address reg1 reg2		#  add:0x00000950 reg1:0xffffe00000000000 reg2:0x0000000000000000
:0x00000797: compare reg0 reg2 reg5		#  reg0:0x0000000000000000 reg2:0x0000000000000000 reg5:0x0000000000000000
:0x000007ab: compare reg1 reg2 reg6		#  reg1:0xffffe00000000000 reg2:0x0000000000000000 reg6:0xffffffffffffffff
:0x000007bf: compare reg5 reg8 reg5		#  reg5:0x0000000000000001 reg8:0xffffffffffffffff reg5:0x0000000000000001
:0x000007d3: compare reg6 reg8 reg6		#  reg6:0x0000000000000000 reg8:0xffffffffffffffff reg6:0x0000000000000000
:0x000007e7: jumpEqual address reg5 reg6		#  add:0x00000850 reg5:0x0000000000000001 reg6:0x0000000000000000
:0x00000816: add reg10 reg4 reg10		#  reg10:0x00000000fffc0000 reg4:0x0000000000040000 reg10:0x00000000fffc0000
:0x0000082b: jump address		#  add:0x00000850
:0x00000850: jumpEqual address reg3 reg4		#  add:0x000008b9 reg3:0x8000000000000000 reg4:0x0000000000040000
:0x0000087f: div reg4 reg7 reg4		#  reg4:0x0000000000020000 reg7:0x0000000000000002 reg4:0x0000000000020000
:0x00000894: jump address		#  add:0x00000901
:0x00000901: mul reg0 reg7 reg0		#  reg0:0x0000000000000000 reg7:0x0000000000000002 reg0:0x0000000000000000
:0x00000916: mul reg1 reg7 reg1		#  reg1:0xffffc00000000000 reg7:0x0000000000000002 reg1:0xffffc00000000000
:0x0000092b: jump address		#  add:0x00000714
:0x00000714: jumpEqual address reg0 reg2		#  add:0x00000768 reg0:0x0000000000000000 reg2:0x0000000000000000
:0x00000768: jumpEqual address reg1 reg2		#  add:0x00000950 reg1:0xffffc00000000000 reg2:0x0000000000000000
:0x00000797: compare reg0 reg2 reg5		#  reg0:0x0000000000000000 reg2:0x0000000000000000 reg5:0x0000000000000000
:0x000007ab: compare reg1 reg2 reg6		#  reg1:0xffffc00000000000 reg2:0x0000000000000000 reg6:0xffffffffffffffff
:0x000007bf: compare reg5 reg8 reg5		#  reg5:0x0000000000000001 reg8:0xffffffffffffffff reg5:0x0000000000000001
:0x000007d3: compare reg6 reg8 reg6		#  reg6:0x0000000000000000 reg8:0xffffffffffffffff reg6:0x0000000000000000
:0x000007e7: jumpEqual address reg5 reg6		#  add:0x00000850 reg5:0x0000000000000001 reg6:0x0000000000000000
:0x00000816: add reg10 reg4 reg10		#  reg10:0x00000000fffe0000 reg4:0x0000000000020000 reg10:0x00000000fffe0000
:0x0000082b: jump address		#  add:0x00000850
:0x00000850: jumpEqual address reg3 reg4		#  add:0x000008b9 reg3:0x8000000000000000 reg4:0x0000000000020000
:0x0000087f: div reg4 reg7 reg4		#  reg4:0x0000000000010000 reg7:0x0000000000000002 reg4:0x0000000000010000
:0x00000894: jump address		#  add:0x00000901
:0x00000901: mul reg0 reg7 reg0		#  reg0:0x0000000000000000 reg7:0x0000000000000002 reg0:0x0000000000000000
:0x00000916: mul reg1 reg7 reg1		#  reg1:0xffff800000000000 reg7:0x0000000000000002 reg1:0xffff800000000000
:0x0000092b: jump address		#  add:0x00000714
:0x00000714: jumpEqual address reg0 reg2		#  add:0x00000768 reg0:0x0000000000000000 reg2:0x0000000000000000
:0x00000768: jumpEqual address reg1 reg2		#  add:0x00000950 reg1:0xffff800000000000 reg2:0x0000000000000000
:0x00000797: compare reg0 reg2 reg5		#  reg0:0x0000000000000000 reg2:0x0000000000000000 reg5:0x0000000000000000
:0x000007ab: compare reg1 reg2 reg6		#  reg1:0xffff800000000000 reg2:0x0000000000000000 reg6:0xffffffffffffffff
:0x000007bf: compare reg5 reg8 reg5		#  reg5:0x0000000000000001 reg8:0xffffffffffffffff reg5:0x0000000000000001
:0x000007d3: compare reg6 reg8 reg6		#  reg6:0x0000000000000000 reg8:0xffffffffffffffff reg6:0x0000000000000000
:0x000007e7: jumpEqual address reg5 reg6		#  add:0x00000850 reg5:0x0000000000000001 reg6:0x0000000000000000
:0x00000816: add reg10 reg4 reg10		#  reg10:0x00000000ffff0000 reg4:0x0000000000010000 reg10:0x00000000ffff0000
:0x0000082b: jump address		#  add:0x00000850
:0x00000850: jumpEqual address reg3 reg4		#  add:0x000008b9 reg3:0x8000000000000000 reg4:0x0000000000010000
:0x0000087f: div reg4 reg7 reg4		#  reg4:0x0000000000008000 reg7:0x0000000000000002 reg4:0x0000000000008000
:0x00000894: jump address		#  add:0x00000901
:0x00000901: mul reg0 reg7 reg0		#  reg0:0x0000000000000000 reg7:0x0000000000000002 reg0:0x0000000000000000
:0x00000916: mul reg1 reg7 reg1		#  reg1:0xffff000000000000 reg7:0x0000000000000002 reg1:0xffff000000000000
:0x0000092b: jump address		#  add:0x00000714
:0x00000714: jumpEqual address reg0 reg2		#  add:0x00000768 reg0:0x0000000000000000 reg2:0x0000000000000000
:0x00000768: jumpEqual address reg1 reg2		#  add:0x00000950 reg1:0xffff000000000000 reg2:0x0000000000000000
:0x00000797: compare reg0 reg2 reg5		#  reg0:0x0000000000000000 reg2:0x0000000000000000 reg5:0x0000000000000000
:0x000007ab: compare reg1 reg2 reg6		#  reg1:0xffff000000000000 reg2:0x0000000000000000 reg6:0xffffffffffffffff
:0x000007bf: compare reg5 reg8 reg5		#  reg5:0x0000000000000001 reg8:0xffffffffffffffff reg5:0x0000000000000001
:0x000007d3: compare reg6 reg8 reg6		#  reg6:0x0000000000000000 reg8:0xffffffffffffffff reg6:0x0000000000000000
:0x000007e7: jumpEqual address reg5 reg6		#  add:0x00000850 reg5:0x0000000000000001 reg6:0x0000000000000000
:0x00000816: add reg10 reg4 reg10		#  reg10:0x00000000ffff8000 reg4:0x0000000000008000 reg10:0x00000000ffff8000
:0x0000082b: jump address		#  add:0x00000850
:0x00000850: jumpEqual address reg3 reg4		#  add:0x000008b9 reg3:0x8000000000000000 reg4:0x0000000000008000
:0x0000087f: div reg4 reg7 reg4		#  reg4:0x0000000000004000 reg7:0x0000000000000002 reg4:0x0000000000004000
:0x00000894: jump address		#  add:0x00000901
:0x00000901: mul reg0 reg7 reg0		#  reg0:0x0000000000000000 reg7:0x0000000000000002 reg0:0x0000000000000000
:0x00000916: mul reg1 reg7 reg1		#  reg1:0xfffe000000000000 reg7:0x0000000000000002 reg1:0xfffe000000000000
:0x0000092b: jump address		#  add:0x00000714
:0x00000714: jumpEqual address reg0 reg2		#  add:0x00000768 reg0:0x0000000000000000 reg2:0x0000000000000000
:0x00000768: jumpEqual address reg1 reg2		#  add:0x00000950 reg1:0xfffe000000000000 reg2:0x0000000000000000
:0x00000797: compare reg0 reg2 reg5		#  reg0:0x0000000000000000 reg2:0x0000000000000000 reg5:0x0000000000000000
:0x000007ab: compare reg1 reg2 reg6		#  reg1:0xfffe000000000000 reg2:0x0000000000000000 reg6:0xffffffffffffffff
:0x000007bf: compare reg5 reg8 reg5		#  reg5:0x0000000000000001 reg8:0xffffffffffffffff reg5:0x0000000000000001
:0x000007d3: compare reg6 reg8 reg6		#  reg6:0x0000000000000000 reg8:0xffffffffffffffff reg6:0x0000000000000000
:0x000007e7: jumpEqual address reg5 reg6		#  add:0x00000850 reg5:0x0000000000000001 reg6:0x0000000000000000
:0x00000816: add reg10 reg4 reg10		#  reg10:0x00000000ffffc000 reg4:0x0000000000004000 reg10:0x00000000ffffc000
:0x0000082b: jump address		#  add:0x00000850
:0x00000850: jumpEqual address reg3 reg4		#  add:0x000008b9 reg3:0x8000000000000000 reg4:0x0000000000004000
:0x0000087f: div reg4 reg7 reg4		#  reg4:0x0000000000002000 reg7:0x0000000000000002 reg4:0x0000000000002000
:0x00000894: jump address		#  add:0x00000901
:0x00000901: mul reg0 reg7 reg0		#  reg0:0x0000000000000000 reg7:0x0000000000000002 reg0:0x0000000000000000
:0x00000916: mul reg1 reg7 reg1		#  reg1:0xfffc000000000000 reg7:0x0000000000000002 reg1:0xfffc000000000000
:0x0000092b: jump address		#  add:0x00000714
:0x00000714: jumpEqual address reg0 reg2		#  add:0x00000768 reg0:0x0000000000000000 reg2:0x0000000000000000
:0x00000768: jumpEqual address reg1 reg2		#  add:0x00000950 reg1:0xfffc000000000000 reg2:0x0000000000000000
:0x00000797: compare reg0 reg2 reg5		#  reg0:0x0000000000000000 reg2:0x0000000000000000 reg5:0x0000000000000000
:0x000007ab: compare reg1 reg2 reg6		#  reg1:0xfffc000000000000 reg2:0x0000000000000000 reg6:0xffffffffffffffff
:0x000007bf: compare reg5 reg8 reg5		#  reg5:0x0000000000000001 reg8:0xffffffffffffffff reg5:0x0000000000000001
:0x000007d3: compare reg6 reg8 reg6		#  reg6:0x0000000000000000 reg8:0xffffffffffffffff reg6:0x0000000000000000
:0x000007e7: jumpEqual address reg5 reg6		#  add:0x00000850 reg5:0x0000000000000001 reg6:0x0000000000000000
:0x00000816: add reg10 reg4 reg10		#  reg10:0x00000000ffffe000 reg4:0x0000000000002000 reg10:0x00000000ffffe000
:0x0000082b: jump address		#  add:0x00000850
:0x00000850: jumpEqual address reg3 reg4		#  add:0x000008b9 reg3:0x8000000000000000 reg4:0x0000000000002000
:0x0000087f: div reg4 reg7 reg4		#  reg4:0x0000000000001000 reg7:0x0000000000000002 reg4:0x0000000000001000
:0x00000894: jump address		#  add:0x00000901
:0x00000901: mul reg0 reg7 reg0		#  reg0:0x0000000000000000 reg7:0x0000000000000002 reg0:0x0000000000000000
:0x00000916: mul reg1 reg7 reg1		#  reg1:0xfff8000000000000 reg7:0x0000000000000002 reg1:0xfff8000000000000
:0x0000092b: jump address		#  add:0x00000714
:0x00000714: jumpEqual address reg0 reg2		#  add:0x00000768 reg0:0x0000000000000000 reg2:0x0000000000000000
:0x00000768: jumpEqual address reg1 reg2		#  add:0x00000950 reg1:0xfff8000000000000 reg2:0x0000000000000000
:0x00000797: compare reg0 reg2 reg5		#  reg0:0x0000000000000000 reg2:0x0000000000000000 reg5:0x0000000000000000
:0x000007ab: compare reg1 reg2 reg6		#  reg1:0xfff8000000000000 reg2:0x0000000000000000 reg6:0xffffffffffffffff
:0x000007bf: compare reg5 reg8 reg5		#  reg5:0x0000000000000001 reg8:0xffffffffffffffff reg5:0x0000000000000001
:0x000007d3: compare reg6 reg8 reg6		#  reg6:0x0000000000000000 reg8:0xffffffffffffffff reg6:0x0000000000000000
:0x000007e7: jumpEqual address reg5 reg6		#  add:0x00000850 reg5:0x0000000000000001 reg6:0x0000000000000000
:0x00000816: add reg10 reg4 reg10		#  reg10:0x00000000fffff000 reg4:0x0000000000001000 reg10:0x00000000fffff000
:0x0000082b: jump address		#  add:0x00000850
:0x00000850: jumpEqual address reg3 reg4		#  add:0x000008b9 reg3:0x8000000000000000 reg4:0x0000000000001000
:0x0000087f: div reg4 reg7 reg4		#  reg4:0x0000000000000800 reg7:0x0000000000000002 reg4:0x0000000000000800
:0x00000894: jump address		#  add:0x00000901
:0x00000901: mul reg0 reg7 reg0		#  reg0:0x0000000000000000 reg7:0x0000000000000002 reg0:0x0000000000000000
:0x00000916: mul reg1 reg7 reg1		#  reg1:0xfff0000000000000 reg7:0x0000000000000002 reg1:0xfff0000000000000
:0x0000092b: jump address		#  add:0x00000714
:0x00000714: jumpEqual address reg0 reg2		#  add:0x00000768 reg0:0x0000000000000000 reg2:0x0000000000000000
:0x00000768: jumpEqual address reg1 reg2		#  add:0x00000950 reg1:0xfff0000000000000 reg2:0x0000000000000000
:0x00000797: compare reg0 reg2 reg5		#  reg0:0x0000000000000000 reg2:0x0000000000000000 reg5:0x0000000000000000
:0x000007ab: compare reg1 reg2 reg6		#  reg1:0xfff0000000000000 reg2:0x0000000000000000 reg6:0xffffffffffffffff
:0x000007bf: compare reg5 reg8 reg5		#  reg5:0x0000000000000001 reg8:0xffffffffffffffff reg5:0x0000000000000001
:0x000007d3: compare reg6 reg8 reg6		#  reg6:0x0000000000000000 reg8:0xffffffffffffffff reg6:0x0000000000000000
:0x000007e7: jumpEqual address reg5 reg6		#  add:0x00000850 reg5:0x0000000000000001 reg6:0x0000000000000000
:0x00000816: add reg10 reg4 reg10		#  reg10:0x00000000fffff800 reg4:0x0000000000000800 reg10:0x00000000fffff800
:0x0000082b: jump address		#  add:0x00000850
:0x00000850: jumpEqual address reg3 reg4		#  add:0x000008b9 reg3:0x8000000000000000 reg4:0x0000000000000800
:0x0000087f: div reg4 reg7 reg4		#  reg4:0x0000000000000400 reg7:0x0000000000000002 reg4:0x0000000000000400
:0x00000894: jump address		#  add:0x00000901
:0x00000901: mul reg0 reg7 reg0		#  reg0:0x0000000000000000 reg7:0x0000000000000002 reg0:0x0000000000000000
:0x00000916: mul reg1 reg7 reg1		#  reg1:0xffe0000000000000 reg7:0x0000000000000002 reg1:0xffe0000000000000
:0x0000092b: jump address		#  add:0x00000714
:0x00000714: jumpEqual address reg0 reg2		#  add:0x00000768 reg0:0x0000000000000000 reg2:0x0000000000000000
:0x00000768: jumpEqual address reg1 reg2		#  add:0x00000950 reg1:0xffe0000000000000 reg2:0x0000000000000000
:0x00000797: compare reg0 reg2 reg5		#  reg0:0x0000000000000000 reg2:0x0000000000000000 reg5:0x0000000000000000
:0x000007ab: compare reg1 reg2 reg6		#  reg1:0xffe0000000000000 reg2:0x0000000000000000 reg6:0xffffffffffffffff
:0x000007bf: compare reg5 reg8 reg5		#  reg5:0x0000000000000001 reg8:0xffffffffffffffff reg5:0x0000000000000001
:0x000007d3: compare reg6 reg8 reg6		#  reg6:0x0000000000000000 reg8:0xffffffffffffffff reg6:0x0000000000000000
:0x000007e7: jumpEqual address reg5 reg6		#  add:0x00000850 reg5:0x0000000000000001 reg6:0x0000000000000000
:0x00000816: add reg10 reg4 reg10		#  reg10:0x00000000fffffc00 reg4:0x0000000000000400 reg10:0x00000000fffffc00
:0x0000082b: jump address		#  add:0x00000850
:0x00000850: jumpEqual address reg3 reg4		#  add:0x000008b9 reg3:0x8000000000000000 reg4:0x0000000000000400
:0x0000087f: div reg4 reg7 reg4		#  reg4:0x0000000000000200 reg7:0x0000000000000002 reg4:0x0000000000000200
:0x00000894: jump address		#  add:0x00000901
:0x00000901: mul reg0 reg7 reg0		#  reg0:0x0000000000000000 reg7:0x0000000000000002 reg0:0x0000000000000000
:0x00000916: mul reg1 reg7 reg1		#  reg1:0xffc0000000000000 reg7:0x0000000000000002 reg1:0xffc0000000000000
:0x0000092b: jump address		#  add:0x00000714
:0x00000714: jumpEqual address reg0 reg2		#  add:0x00000768 reg0:0x0000000000000000 reg2:0x0000000000000000
:0x00000768: jumpEqual address reg1 reg2		#  add:0x00000950 reg1:0xffc0000000000000 reg2:0x0000000000000000
:0x00000797: compare reg0 reg2 reg5		#  reg0:0x0000000000000000 reg2:0x0000000000000000 reg5:0x0000000000000000
:0x000007ab: compare reg1 reg2 reg6		#  reg1:0xffc0000000000000 reg2:0x0000000000000000 reg6:0xffffffffffffffff
:0x000007bf: compare reg5 reg8 reg5		#  reg5:0x0000000000000001 reg8:0xffffffffffffffff reg5:0x0000000000000001
:0x000007d3: compare reg6 reg8 reg6		#  reg6:0x0000000000000000 reg8:0xffffffffffffffff reg6:0x0000000000000000
:0x000007e7: jumpEqual address reg5 reg6		#  add:0x00000850 reg5:0x0000000000000001 reg6:0x0000000000000000
:0x00000816: add reg10 reg4 reg10		#  reg10:0x00000000fffffe00 reg4:0x0000000000000200 reg10:0x00000000fffffe00
:0x0000082b: jump address		#  add:0x00000850
:0x00000850: jumpEqual address reg3 reg4		#  add:0x000008b9 reg3:0x8000000000000000 reg4:0x0000000000000200
:0x0000087f: div reg4 reg7 reg4		#  reg4:0x0000000000000100 reg7:0x0000000000000002 reg4:0x0000000000000100
:0x00000894: jump address		#  add:0x00000901
:0x00000901: mul reg0 reg7 reg0		#  reg0:0x0000000000000000 reg7:0x0000000000000002 reg0:0x0000000000000000
:0x00000916: mul reg1 reg7 reg1		#  reg1:0xff80000000000000 reg7:0x0000000000000002 reg1:0xff80000000000000
:0x0000092b: jump address		#  add:0x00000714
:0x00000714: jumpEqual address reg0 reg2		#  add:0x00000768 reg0:0x0000000000000000 reg2:0x0000000000000000
:0x00000768: jumpEqual address reg1 reg2		#  add:0x00000950 reg1:0xff80000000000000 reg2:0x0000000000000000
:0x00000797: compare reg0 reg2 reg5		#  reg0:0x0000000000000000 reg2:0x0000000000000000 reg5:0x0000000000000000
:0x000007ab: compare reg1 reg2 reg6		#  reg1:0xff80000000000000 reg2:0x0000000000000000 reg6:0xffffffffffffffff
:0x000007bf: compare reg5 reg8 reg5		#  reg5:0x0000000000000001 reg8:0xffffffffffffffff reg5:0x0000000000000001
:0x000007d3: compare reg6 reg8 reg6		#  reg6:0x0000000000000000 reg8:0xffffffffffffffff reg6:0x0000000000000000
:0x000007e7: jumpEqual address reg5 reg6		#  add:0x00000850 reg5:0x0000000000000001 reg6:0x0000000000000000
:0x00000816: add reg10 reg4 reg10		#  reg10:0x00000000ffffff00 reg4:0x0000000000000100 reg10:0x00000000ffffff00
:0x0000082b: jump address		#  add:0x00000850
:0x00000850: jumpEqual address reg3 reg4		#  add:0x000008b9 reg3:0x8000000000000000 reg4:0x0000000000000100
:0x0000087f: div reg4 reg7 reg4		#  reg4:0x0000000000000080 reg7:0x0000000000000002 reg4:0x0000000000000080
:0x00000894: jump address		#  add:0x00000901
:0x00000901: mul reg0 reg7 reg0		#  reg0:0x0000000000000000 reg7:0x0000000000000002 reg0:0x0000000000000000
:0x00000916: mul reg1 reg7 reg1		#  reg1:0xff00000000000000 reg7:0x0000000000000002 reg1:0xff00000000000000
:0x0000092b: jump address		#  add:0x00000714
:0x00000714: jumpEqual address reg0 reg2		#  add:0x00000768 reg0:0x0000000000000000 reg2:0x0000000000000000
:0x00000768: jumpEqual address reg1 reg2		#  add:0x00000950 reg1:0xff00000000000000 reg2:0x0000000000000000
:0x00000797: compare reg0 reg2 reg5		#  reg0:0x0000000000000000 reg2:0x0000000000000000 reg5:0x0000000000000000
:0x000007ab: compare reg1 reg2 reg6		#  reg1:0xff00000000000000 reg2:0x0000000000000000 reg6:0xffffffffffffffff
:0x000007bf: compare reg5 reg8 reg5		#  reg5:0x0000000000000001 reg8:0xffffffffffffffff reg5:0x0000000000000001
:0x000007d3: compare reg6 reg8 reg6		#  reg6:0x0000000000000000 reg8:0xffffffffffffffff reg6:0x0000000000000000
:0x000007e7: jumpEqual address reg5 reg6		#  add:0x00000850 reg5:0x0000000000000001 reg6:0x0000000000000000
:0x00000816: add reg10 reg4 reg10		#  reg10:0x00000000ffffff80 reg4:0x0000000000000080 reg10:0x00000000ffffff80
:0x0000082b: jump address		#  add:0x00000850
:0x00000850: jumpEqual address reg3 reg4		#  add:0x000008b9 reg3:0x8000000000000000 reg4:0x0000000000000080
:0x0000087f: div reg4 reg7 reg4		#  reg4:0x0000000000000040 reg7:0x0000000000000002 reg4:0x0000000000000040
:0x00000894: jump address		#  add:0x00000901
:0x00000901: mul reg0 reg7 reg0		#  reg0:0x0000000000000000 reg7:0x0000000000000002 reg0:0x0000000000000000
:0x00000916: mul reg1 reg7 reg1		#  reg1:0xfe00000000000000 reg7:0x0000000000000002 reg1:0xfe00000000000000
:0x0000092b: jump address		#  add:0x00000714
:0x00000714: jumpEqual address reg0 reg2		#  add:0x00000768 reg0:0x0000000000000000 reg2:0x0000000000000000
:0x00000768: jumpEqual address reg1 reg2		#  add:0x00000950 reg1:0xfe00000000000000 reg2:0x0000000000000000
:0x00000797: compare reg0 reg2 reg5		#  reg0:0x0000000000000000 reg2:0x0000000000000000 reg5:0x0000000000000000
:0x000007ab: compare reg1 reg2 reg6		#  reg1:0xfe00000000000000 reg2:0x0000000000000000 reg6:0xffffffffffffffff
:0x000007bf: compare reg5 reg8 reg5		#  reg5:0x0000000000000001 reg8:0xffffffffffffffff reg5:0x0000000000000001
:0x000007d3: compare reg6 reg8 reg6		#  reg6:0x0000000000000000 reg8:0xffffffffffffffff reg6:0x0000000000000000
:0x000007e7: jumpEqual address reg5 reg6		#  add:0x00000850 reg5:0x0000000000000001 reg6:0x0000000000000000
:0x00000816: add reg10 reg4 reg10		#  reg10:0x00000000ffffffc0 reg4:0x0000000000000040 reg10:0x00000000ffffffc0
:0x0000082b: jump address		#  add:0x00000850
:0x00000850: jumpEqual address reg3 reg4		#  add:0x000008b9 reg3:0x8000000000000000 reg4:0x0000000000000040
:0x0000087f: div reg4 reg7 reg4		#  reg4:0x0000000000000020 reg7:0x0000000000000002 reg4:0x0000000000000020
:0x00000894: jump address		#  add:0x00000901
:0x00000901: mul reg0 reg7 reg0		#  reg0:0x0000000000000000 reg7:0x0000000000000002 reg0:0x0000000000000000
:0x00000916: mul reg1 reg7 reg1		#  reg1:0xfc00000000000000 reg7:0x0000000000000002 reg1:0xfc00000000000000
:0x0000092b: jump address		#  add:0x00000714
:0x00000714: jumpEqual address reg0 reg2		#  add:0x00000768 reg0:0x0000000000000000 reg2:0x0000000000000000
:0x00000768: jumpEqual address reg1 reg2		#  add:0x00000950 reg1:0xfc00000000000000 reg2:0x0000000000000000
:0x00000797: compare reg0 reg2 reg5		#  reg0:0x0000000000000000 reg2:0x0000000000000000 reg5:0x0000000000000000
:0x000007ab: compare reg1 reg2 reg6		#  reg1:0xfc00000000000000 reg2:0x0000000000000000 reg6:0xffffffffffffffff
:0x000007bf: compare reg5 reg8 reg5		#  reg5:0x0000000000000001 reg8:0xffffffffffffffff reg5:0x0000000000000001
:0x000007d3: compare reg6 reg8 reg6		#  reg6:0x0000000000000000 reg8:0xffffffffffffffff reg6:0x0000000000000000
:0x000007e7: jumpEqual address reg5 reg6		#  add:0x00000850 reg5:0x0000000000000001 reg6:0x0000000000000000
:0x00000816: add reg10 reg4 reg10		#  reg10:0x00000000ffffffe0 reg4:0x0000000000000020 reg10:0x00000000ffffffe0
:0x0000082b: jump address		#  add:0x00000850
:0x00000850: jumpEqual address reg3 reg4		#  add:0x000008b9 reg3:0x8000000000000000 reg4:0x0000000000000020
:0x0000087f: div reg4 reg7 reg4		#  reg4:0x0000000000000010 reg7:0x0000000000000002 reg4:0x0000000000000010
:0x00000894: jump address		#  add:0x00000901
:0x00000901: mul reg0 reg7 reg0		#  reg0:0x0000000000000000 reg7:0x0000000000000002 reg0:0x0000000000000000
:0x00000916: mul reg1 reg7 reg1		#  reg1:0xf800000000000000 reg7:0x0000000000000002 reg1:0xf800000000000000
:0x0000092b: jump address		#  add:0x00000714
:0x00000714: jumpEqual address reg0 reg2		#  add:0x00000768 reg0:0x0000000000000000 reg2:0x0000000000000000
:0x00000768: jumpEqual address reg1 reg2		#  add:0x00000950 reg1:0xf800000000000000 reg2:0x0000000000000000
:0x00000797: compare reg0 reg2 reg5		#  reg0:0x0000000000000000 reg2:0x0000000000000000 reg5:0x0000000000000000
:0x000007ab: compare reg1 reg2 reg6		#  reg1:0xf800000000000000 reg2:0x0000000000000000 reg6:0xffffffffffffffff
:0x000007bf: compare reg5 reg8 reg5		#  reg5:0x0000000000000001 reg8:0xffffffffffffffff reg5:0x0000000000000001
:0x000007d3: compare reg6 reg8 reg6		#  reg6:0x0000000000000000 reg8:0xffffffffffffffff reg6:0x0000000000000000
:0x000007e7: jumpEqual address reg5 reg6		#  add:0x00000850 reg5:0x0000000000000001 reg6:0x0000000000000000
:0x00000816: add reg10 reg4 reg10		#  reg10:0x00000000fffffff0 reg4:0x0000000000000010 reg10:0x00000000fffffff0
:0x0000082b: jump address		#  add:0x00000850
:0x00000850: jumpEqual address reg3 reg4		#  add:0x000008b9 reg3:0x8000000000000000 reg4:0x0000000000000010
:0x0000087f: div reg4 reg7 reg4		#  reg4:0x0000000000000008 reg7:0x0000000000000002 reg4:0x0000000000000008
:0x00000894: jump address		#  add:0x00000901
:0x00000901: mul reg0 reg7 reg0		#  reg0:0x0000000000000000 reg7:0x0000000000000002 reg0:0x0000000000000000
:0x00000916: mul reg1 reg7 reg1		#  reg1:0xf000000000000000 reg7:0x0000000000000002 reg1:0xf000000000000000
:0x0000092b: jump address		#  add:0x00000714
:0x00000714: jumpEqual address reg0 reg2		#  add:0x00000768 reg0:0x0000000000000000 reg2:0x0000000000000000
:0x00000768: jumpEqual address reg1 reg2		#  add:0x00000950 reg1:0xf000000000000000 reg2:0x0000000000000000
:0x00000797: compare reg0 reg2 reg5		#  reg0:0x0000000000000000 reg2:0x0000000000000000 reg5:0x0000000000000000
:0x000007ab: compare reg1 reg2 reg6		#  reg1:0xf000000000000000 reg2:0x0000000000000000 reg6:0xffffffffffffffff
:0x000007bf: compare reg5 reg8 reg5		#  reg5:0x0000000000000001 reg8:0xffffffffffffffff reg5:0x0000000000000001
:0x000007d3: compare reg6 reg8 reg6		#  reg6:0x0000000000000000 reg8:0xffffffffffffffff reg6:0x0000000000000000
:0x000007e7: jumpEqual address reg5 reg6		#  add:0x00000850 reg5:0x0000000000000001 reg6:0x0000000000000000
:0x00000816: add reg10 reg4 reg10		#  reg10:0x00000000fffffff8 reg4:0x0000000000000008 reg10:0x00000000fffffff8
:0x0000082b: jump address		#  add:0x00000850
:0x00000850: jumpEqual address reg3 reg4		#  add:0x000008b9 reg3:0x8000000000000000 reg4:0x0000000000000008
:0x0000087f: div reg4 reg7 reg4		#  reg4:0x0000000000000004 reg7:0x0000000000000002 reg4:0x0000000000000004
:0x00000894: jump address		#  add:0x00000901
:0x00000901: mul reg0 reg7 reg0		#  reg0:0x0000000000000000 reg7:0x0000000000000002 reg0:0x0000000000000000
:0x00000916: mul reg1 reg7 reg1		#  reg1:0xe000000000000000 reg7:0x0000000000000002 reg1:0xe000000000000000
:0x0000092b: jump address		#  add:0x00000714
:0x00000714: jumpEqual address reg0 reg2		#  add:0x00000768 reg0:0x0000000000000000 reg2:0x0000000000000000
:0x00000768: jumpEqual address reg1 reg2		#  add:0x00000950 reg1:0xe000000000000000 reg2:0x0000000000000000
:0x00000797: compare reg0 reg2 reg5		#  reg0:0x0000000000000000 reg2:0x0000000000000000 reg5:0x0000000000000000
:0x000007ab: compare reg1 reg2 reg6		#  reg1:0xe000000000000000 reg2:0x0000000000000000 reg6:0xffffffffffffffff
:0x000007bf: compare reg5 reg8 reg5		#  reg5:0x0000000000000001 reg8:0xffffffffffffffff reg5:0x0000000000000001
:0x000007d3: compare reg6 reg8 reg6		#  reg6:0x0000000000000000 reg8:0xffffffffffffffff reg6:0x0000000000000000
:0x000007e7: jumpEqual address reg5 reg6		#  add:0x00000850 reg5:0x0000000000000001 reg6:0x0000000000000000
:0x00000816: add reg10 reg4 reg10		#  reg10:0x00000000fffffffc reg4:0x0000000000000004 reg10:0x00000000fffffffc
:0x0000082b: jump address		#  add:0x00000850
:0x00000850: jumpEqual address reg3 reg4		#  add:0x000008b9 reg3:0x8000000000000000 reg4:0x0000000000000004
:0x0000087f: div reg4 reg7 reg4		#  reg4:0x0000000000000002 reg7:0x0000000000000002 reg4:0x0000000000000002
:0x00000894: jump address		#  add:0x00000901
:0x00000901: mul reg0 reg7 reg0		#  reg0:0x0000000000000000 reg7:0x0000000000000002 reg0:0x0000000000000000
:0x00000916: mul reg1 reg7 reg1		#  reg1:0xc000000000000000 reg7:0x0000000000000002 reg1:0xc000000000000000
:0x0000092b: jump address		#  add:0x00000714
:0x00000714: jumpEqual address reg0 reg2		#  add:0x00000768 reg0:0x0000000000000000 reg2:0x0000000000000000
:0x00000768: jumpEqual address reg1 reg2		#  add:0x00000950 reg1:0xc000000000000000 reg2:0x0000000000000000
:0x00000797: compare reg0 reg2 reg5		#  reg0:0x0000000000000000 reg2:0x0000000000000000 reg5:0x0000000000000000
:0x000007ab: compare reg1 reg2 reg6		#  reg1:0xc000000000000000 reg2:0x0000000000000000 reg6:0xffffffffffffffff
:0x000007bf: compare reg5 reg8 reg5		#  reg5:0x0000000000000001 reg8:0xffffffffffffffff reg5:0x0000000000000001
:0x000007d3: compare reg6 reg8 reg6		#  reg6:0x0000000000000000 reg8:0xffffffffffffffff reg6:0x0000000000000000
:0x000007e7: jumpEqual address reg5 reg6		#  add:0x00000850 reg5:0x0000000000000001 reg6:0x0000000000000000
:0x00000816: add reg10 reg4 reg10		#  reg10:0x00000000fffffffe reg4:0x0000000000000002 reg10:0x00000000fffffffe
:0x0000082b: jump address		#  add:0x00000850
:0x00000850: jumpEqual address reg3 reg4		#  add:0x000008b9 reg3:0x8000000000000000 reg4:0x0000000000000002
:0x0000087f: div reg4 reg7 reg4		#  reg4:0x0000000000000001 reg7:0x0000000000000002 reg4:0x0000000000000001
:0x00000894: jump address		#  add:0x00000901
:0x00000901: mul reg0 reg7 reg0		#  reg0:0x0000000000000000 reg7:0x0000000000000002 reg0:0x0000000000000000
:0x00000916: mul reg1 reg7 reg1		#  reg1:0x8000000000000000 reg7:0x0000000000000002 reg1:0x8000000000000000
:0x0000092b: jump address		#  add:0x00000714
:0x00000714: jumpEqual address reg0 reg2		#  add:0x00000768 reg0:0x0000000000000000 reg2:0x0000000000000000
:0x00000768: jumpEqual address reg1 reg2		#  add:0x00000950 reg1:0x8000000000000000 reg2:0x0000000000000000
:0x00000797: compare reg0 reg2 reg5		#  reg0:0x0000000000000000 reg2:0x0000000000000000 reg5:0x0000000000000000
:0x000007ab: compare reg1 reg2 reg6		#  reg1:0x8000000000000000 reg2:0x0000000000000000 reg6:0xffffffffffffffff
:0x000007bf: compare reg5 reg8 reg5		#  reg5:0x0000000000000001 reg8:0xffffffffffffffff reg5:0x0000000000000001
:0x000007d3: compare reg6 reg8 reg6		#  reg6:0x0000000000000000 reg8:0xffffffffffffffff reg6:0x0000000000000000
:0x000007e7: jumpEqual address reg5 reg6		#  add:0x00000850 reg5:0x0000000000000001 reg6:0x0000000000000000
:0x00000816: add reg10 reg4 reg10		#  reg10:0x00000000ffffffff reg4:0x0000000000000001 reg10:0x00000000ffffffff
:0x0000082b: jump address		#  add:0x00000850
:0x00000850: jumpEqual address reg3 reg4		#  add:0x000008b9 reg3:0x8000000000000000 reg4:0x0000000000000001
:0x0000087f: div reg4 reg7 reg4		#  reg4:0x0000000000000000 reg7:0x0000000000000002 reg4:0x0000000000000000
:0x00000894: jump address		#  add:0x00000901
:0x00000901: mul reg0 reg7 reg0		#  reg0:0x0000000000000000 reg7:0x0000000000000002 reg0:0x0000000000000000
:0x00000916: mul reg1 reg7 reg1		#  reg1:0x0000000000000000 reg7:0x0000000000000002 reg1:0x0000000000000000
:0x0000092b: jump address		#  add:0x00000714
:0x00000714: jumpEqual address reg0 reg2		#  add:0x00000768 reg0:0x0000000000000000 reg2:0x0000000000000000
:0x00000768: jumpEqual address reg1 reg2		#  add:0x00000950 reg1:0x0000000000000000 reg2:0x0000000000000000
:0x00000950: mov reg10 reg0		#  reg10:0x00000000ffffffff reg0:0x00000000ffffffff
:0x0000095d: call address		#  add:0x00001501
:0x00001501: loadConst const reg2		#  const:0x0000000000000008 reg2:0x0000000000000008
:0x00001549: mov QWORD[reg14] reg10		#  QWORD:0x00000000ffffffff reg10:0x00000000ffffffff
:0x00001558: sub reg14 reg2 reg14		#  reg14:0x0000000000002748 reg2:0x0000000000000008 reg14:0x0000000000002748
:0x0000156d: ret		# 
:0x00000981: call address		#  add:0x00001421
:0x00001421: loadConst const reg2		#  const:0x0000000000000008 reg2:0x0000000000000008
:0x00001469: mov QWORD[reg14] reg8		#  QWORD:0x0000000000000000 reg8:0x0000000000000000
:0x00001478: sub reg14 reg2 reg14		#  reg14:0x0000000000002740 reg2:0x0000000000000008 reg14:0x0000000000002740
:0x0000148d: ret		# 
:0x000009a5: call address		#  add:0x000013b1
:0x000013b1: loadConst const reg2		#  const:0x0000000000000008 reg2:0x0000000000000008
:0x000013f9: mov QWORD[reg14] reg7		#  QWORD:0x0000000000000000 reg7:0x0000000000000000
:0x00001408: sub reg14 reg2 reg14		#  reg14:0x0000000000002738 reg2:0x0000000000000008 reg14:0x0000000000002738
:0x0000141d: ret		# 
:0x000009c9: call address		#  add:0x00001341
:0x00001341: loadConst const reg2		#  const:0x0000000000000008 reg2:0x0000000000000008
:0x00001389: mov QWORD[reg14] reg6		#  QWORD:0x0000000000000000 reg6:0x0000000000000000
:0x00001398: sub reg14 reg2 reg14		#  reg14:0x0000000000002730 reg2:0x0000000000000008 reg14:0x0000000000002730
:0x000013ad: ret		# 
:0x000009ed: call address		#  add:0x000012d1
:0x000012d1: loadConst const reg2		#  const:0x0000000000000008 reg2:0x0000000000000008
:0x00001319: mov QWORD[reg14] reg5		#  QWORD:0x0000000000000000 reg5:0x0000000000000000
:0x00001328: sub reg14 reg2 reg14		#  reg14:0x0000000000002728 reg2:0x0000000000000008 reg14:0x0000000000002728
:0x0000133d: ret		# 
:0x00000a11: call address		#  add:0x00001261
:0x00001261: loadConst const reg2		#  const:0x0000000000000008 reg2:0x0000000000000008
:0x000012a9: mov QWORD[reg14] reg4		#  QWORD:0x0000000000000000 reg4:0x0000000000000000
:0x000012b8: sub reg14 reg2 reg14		#  reg14:0x0000000000002720 reg2:0x0000000000000008 reg14:0x0000000000002720
:0x000012cd: ret		# 
:0x00000a35: call address		#  add:0x000011f1
:0x000011f1: loadConst const reg2		#  const:0x0000000000000008 reg2:0x0000000000000008
:0x00001239: mov QWORD[reg14] reg3		#  QWORD:0x0000000000000000 reg3:0x0000000000000000
:0x00001248: sub reg14 reg2 reg14		#  reg14:0x0000000000002718 reg2:0x0000000000000008 reg14:0x0000000000002718
:0x0000125d: ret		# 
:0x00000a59: call address		#  add:0x00001181
:0x00001181: loadConst const reg2		#  const:0x0000000000000008 reg2:0x0000000000000008
:0x000011c9: mov QWORD[reg14] reg2		#  QWORD:0x0000000000000008 reg2:0x0000000000000008
:0x000011d8: sub reg14 reg2 reg14		#  reg14:0x0000000000002710 reg2:0x0000000000000008 reg14:0x0000000000002710
:0x000011ed: ret		# 
:0x00000a7d: ret		# 
:0x00000273: mov reg0 BYTE[reg11]		#  reg0:0x00000000ffffffff BYTE:0xff
:0x00000282: mov BYTE[reg11] reg0		#  BYTE:0xff reg0:0x00000000000000ff
:0x00000291: mul reg0 reg9 reg0		#  reg0:0x00000000000003fc reg9:0x0000000000000004 reg0:0x00000000000003fc
:0x000002a6: add reg0 reg13 reg0		#  reg0:0x00000000000003fd reg13:0x0000000000000001 reg0:0x00000000000003fd
