Thread 0spawned
loadConst const reg0 #  0x0000000000000000 reg0
loadConst const reg1 #  0x0000000000000004 reg1
loadConst const reg2 #  0x0000000000000008 reg2
loadConst const reg3 #  0x0123456789abcdef reg3
mov reg3 QWORD[reg0] #  reg3 0x0123456789abcdef
mov QWORD[reg0] reg4 #  0x0123456789abcdef reg4
mov DWORD[reg0] reg5 #  0x0000000089abcdef reg5
mov QWORD[reg1] reg6 #  0x0000000001234567 reg6
mov DWORD[reg1] reg7 #  0x0000000001234567 reg7
consoleWrite QWORD[reg0] #  0x0123456789abcdef
consoleWrite DWORD[reg0] #  0x0000000089abcdef
consoleWrite WORD[reg0] #  0x000000000000cdef
consoleWrite BYTE[reg0] #  0x00000000000000ef
consoleWrite QWORD[reg1] #  0x0000000001234567
consoleWrite DWORD[reg1] #  0x0000000001234567
consoleWrite WORD[reg1] #  0x0000000000004567
consoleWrite BYTE[reg1] #  0x0000000000000067
consoleWrite QWORD[reg2] #  0x0000000000000000
consoleWrite DWORD[reg2] #  0x0000000000000000
consoleWrite WORD[reg2] #  0x0000000000000000
consoleWrite BYTE[reg2] #  0x0000000000000000
hlt # 
