1527105164559 0x00000000: loadConst const reg0	#  const:0x0000000000000000 reg0:0x0000000000000000
1527105164560 0x00000048: loadConst const reg1	#  const:0x0000000000000004 reg1:0x0000000000000004
1527105164560 0x00000090: loadConst const reg2	#  const:0x0000000000000008 reg2:0x0000000000000008
1527105164560 0x000000d8: loadConst const reg3	#  const:0x0123456789abcdef reg3:0x0123456789abcdef
1527105164560 0x00000120: mov reg3 QWORD[reg0]	#  reg3:0x0123456789abcdef DWORD:add:0x0000000000000000:123456789abcdef
1527105164560 0x0000012f: mov QWORD[reg0] reg4	#  DWORD:add:0x0000000000000000:123456789abcdef reg4:0x0123456789abcdef
1527105164561 0x0000013e: mov DWORD[reg0] reg5	#  DWORD:add:0x0000000000000000:89abcdef reg5:0x0000000089abcdef
1527105164561 0x0000014d: mov QWORD[reg1] reg6	#  DWORD:add:0x0000000000000004:1234567 reg6:0x0000000001234567
1527105164561 0x0000015c: mov DWORD[reg1] reg7	#  DWORD:add:0x0000000000000004:01234567 reg7:0x0000000001234567
1527105164563 0x0000016b: consoleWrite QWORD[reg0]	#  DWORD:add:0x0000000000000000:123456789abcdef
1527105164567 0x00000177: consoleWrite DWORD[reg0]	#  DWORD:add:0x0000000000000000:89abcdef
1527105164567 0x00000183: consoleWrite WORD[reg0]	#  WORD:add:0x0000000000000000:cdef
1527105164568 0x0000018f: consoleWrite BYTE[reg0]	#  BYTE:add:0x0000000000000000:ef
1527105164568 0x0000019b: consoleWrite QWORD[reg1]	#  DWORD:add:0x0000000000000004:1234567
1527105164570 0x000001a7: consoleWrite DWORD[reg1]	#  DWORD:add:0x0000000000000004:01234567
1527105164572 0x000001b3: consoleWrite WORD[reg1]	#  WORD:add:0x0000000000000004:4567
1527105164573 0x000001bf: consoleWrite BYTE[reg1]	#  BYTE:add:0x0000000000000004:67
1527105164574 0x000001cb: consoleWrite QWORD[reg2]	#  DWORD:add:0x0000000000000008:0
1527105164574 0x000001d7: consoleWrite DWORD[reg2]	#  DWORD:add:0x0000000000000008:00000000
1527105164575 0x000001e3: consoleWrite WORD[reg2]	#  WORD:add:0x0000000000000008:0000
1527105164575 0x000001ef: consoleWrite BYTE[reg2]	#  BYTE:add:0x0000000000000008:00
1527105164575 0x000001fb: hlt	# 
